# Logfile created on Fri Jan 08 15:10:47 -0500 2010 by logger.rb/22285
  [4;36;1mSQL (0.6ms)[0m   [0;1mselect sqlite_version(*)[0m
  [4;35;1mSQL (67.1ms)[0m   [0mCREATE TABLE "phones" ("id" INTEGER PRIMARY KEY AUTOINCREMENT NOT NULL, "phone" varchar(255), "other_phone" varchar(255)) [0m
  [4;36;1mSQL (0.5ms)[0m   [0;1m SELECT name
 FROM sqlite_master
 WHERE type = 'table' AND NOT name = 'sqlite_sequence'
[0m
  [4;35;1mSQL (8.8ms)[0m   [0mCREATE TABLE "schema_migrations" ("version" varchar(255) NOT NULL) [0m
  [4;36;1mSQL (40.7ms)[0m   [0;1mCREATE UNIQUE INDEX "unique_schema_migrations" ON "schema_migrations" ("version")[0m
  [4;35;1mSQL (0.0ms)[0m   [0m SELECT name
 FROM sqlite_master
 WHERE type = 'table' AND NOT name = 'sqlite_sequence'
[0m
  [4;36;1mSQL (0.0ms)[0m   [0;1mSELECT version FROM "schema_migrations"[0m
  [4;35;1mSQL (13.3ms)[0m   [0mINSERT INTO "schema_migrations" (version) VALUES ('0')[0m
  [4;36;1mSQL (0.8ms)[0m   [0;1mselect sqlite_version(*)[0m
  [4;35;1mSQL (0.0ms)[0m   [0mSQLite3::SQLException: table "phones" already exists: CREATE TABLE "phones" ("id" INTEGER PRIMARY KEY AUTOINCREMENT NOT NULL, "phone" varchar(255), "other_phone" varchar(255)) [0m
  [4;36;1mSQL (0.8ms)[0m   [0;1mselect sqlite_version(*)[0m
  [4;35;1mSQL (0.8ms)[0m   [0m SELECT name
 FROM sqlite_master
 WHERE type = 'table' AND NOT name = 'sqlite_sequence'
[0m
  [4;36;1mSQL (43.7ms)[0m   [0;1mDROP TABLE "phones"[0m
  [4;35;1mSQL (17.1ms)[0m   [0mCREATE TABLE "phones" ("id" INTEGER PRIMARY KEY AUTOINCREMENT NOT NULL, "phone" varchar(255), "other_phone" varchar(255)) [0m
  [4;36;1mSQL (0.5ms)[0m   [0;1m SELECT name
 FROM sqlite_master
 WHERE type = 'table' AND NOT name = 'sqlite_sequence'
[0m
  [4;35;1mSQL (0.3ms)[0m   [0mSELECT version FROM "schema_migrations"[0m
  [4;36;1mSQL (0.8ms)[0m   [0;1mselect sqlite_version(*)[0m
  [4;35;1mSQL (0.9ms)[0m   [0m SELECT name
 FROM sqlite_master
 WHERE type = 'table' AND NOT name = 'sqlite_sequence'
[0m
  [4;36;1mSQL (27.3ms)[0m   [0;1mDROP TABLE "phones"[0m
  [4;35;1mSQL (7.7ms)[0m   [0mCREATE TABLE "phones" ("id" INTEGER PRIMARY KEY AUTOINCREMENT NOT NULL, "phone" varchar(255), "other_phone" varchar(255)) [0m
  [4;36;1mSQL (0.5ms)[0m   [0;1m SELECT name
 FROM sqlite_master
 WHERE type = 'table' AND NOT name = 'sqlite_sequence'
[0m
  [4;35;1mSQL (0.3ms)[0m   [0mSELECT version FROM "schema_migrations"[0m
  [4;36;1mSQL (0.6ms)[0m   [0;1mselect sqlite_version(*)[0m
  [4;35;1mSQL (4.6ms)[0m   [0m SELECT name
 FROM sqlite_master
 WHERE type = 'table' AND NOT name = 'sqlite_sequence'
[0m
  [4;36;1mSQL (56.7ms)[0m   [0;1mDROP TABLE "phones"[0m
  [4;35;1mSQL (78.9ms)[0m   [0mCREATE TABLE "phones" ("id" INTEGER PRIMARY KEY AUTOINCREMENT NOT NULL, "phone" varchar(255), "other_phone" varchar(255)) [0m
  [4;36;1mSQL (0.5ms)[0m   [0;1m SELECT name
 FROM sqlite_master
 WHERE type = 'table' AND NOT name = 'sqlite_sequence'
[0m
  [4;35;1mSQL (0.3ms)[0m   [0mSELECT version FROM "schema_migrations"[0m
  [4;36;1mSQL (0.5ms)[0m   [0;1mselect sqlite_version(*)[0m
  [4;35;1mSQL (0.7ms)[0m   [0m SELECT name
 FROM sqlite_master
 WHERE type = 'table' AND NOT name = 'sqlite_sequence'
[0m
  [4;36;1mSQL (23.1ms)[0m   [0;1mDROP TABLE "phones"[0m
  [4;35;1mSQL (6.9ms)[0m   [0mCREATE TABLE "phones" ("id" INTEGER PRIMARY KEY AUTOINCREMENT NOT NULL, "phone" varchar(255), "other_phone" varchar(255)) [0m
  [4;36;1mSQL (0.5ms)[0m   [0;1m SELECT name
 FROM sqlite_master
 WHERE type = 'table' AND NOT name = 'sqlite_sequence'
[0m
  [4;35;1mSQL (0.0ms)[0m   [0mSELECT version FROM "schema_migrations"[0m
  [4;36;1mSQL (0.4ms)[0m   [0;1m SELECT name
 FROM sqlite_master
 WHERE type = 'table' AND NOT name = 'sqlite_sequence'
[0m
  [4;36;1mSQL (0.5ms)[0m   [0;1mselect sqlite_version(*)[0m
  [4;35;1mSQL (1.1ms)[0m   [0m SELECT name
 FROM sqlite_master
 WHERE type = 'table' AND NOT name = 'sqlite_sequence'
[0m
  [4;36;1mSQL (43.1ms)[0m   [0;1mDROP TABLE "phones"[0m
  [4;35;1mSQL (116.0ms)[0m   [0mCREATE TABLE "phones" ("id" INTEGER PRIMARY KEY AUTOINCREMENT NOT NULL, "phone" varchar(255), "other_phone" varchar(255)) [0m
  [4;36;1mSQL (0.7ms)[0m   [0;1m SELECT name
 FROM sqlite_master
 WHERE type = 'table' AND NOT name = 'sqlite_sequence'
[0m
  [4;35;1mSQL (0.4ms)[0m   [0mSELECT version FROM "schema_migrations"[0m
  [4;36;1mSQL (1.8ms)[0m   [0;1m SELECT name
 FROM sqlite_master
 WHERE type = 'table' AND NOT name = 'sqlite_sequence'
[0m
  [4;36;1mSQL (0.5ms)[0m   [0;1mselect sqlite_version(*)[0m
  [4;35;1mSQL (0.7ms)[0m   [0m SELECT name
 FROM sqlite_master
 WHERE type = 'table' AND NOT name = 'sqlite_sequence'
[0m
  [4;36;1mSQL (45.8ms)[0m   [0;1mDROP TABLE "phones"[0m
  [4;35;1mSQL (90.1ms)[0m   [0mCREATE TABLE "phones" ("id" INTEGER PRIMARY KEY AUTOINCREMENT NOT NULL, "phone" varchar(255), "other_phone" varchar(255)) [0m
  [4;36;1mSQL (0.7ms)[0m   [0;1m SELECT name
 FROM sqlite_master
 WHERE type = 'table' AND NOT name = 'sqlite_sequence'
[0m
  [4;35;1mSQL (0.3ms)[0m   [0mSELECT version FROM "schema_migrations"[0m
  [4;36;1mPhone Create (0.7ms)[0m   [0;1mINSERT INTO "phones" ("other_phone", "phone") VALUES(NULL, '1234567890')[0m
  [4;35;1mPhone Create (0.2ms)[0m   [0mINSERT INTO "phones" ("other_phone", "phone") VALUES(NULL, '1234567890')[0m
  [4;36;1mPhone Create (0.4ms)[0m   [0;1mINSERT INTO "phones" ("other_phone", "phone") VALUES(NULL, '123-456-7890')[0m
  [4;35;1mPhone Create (0.0ms)[0m   [0mINSERT INTO "phones" ("other_phone", "phone") VALUES(NULL, '123-456-7890')[0m
  [4;36;1mPhone Create (0.3ms)[0m   [0;1mINSERT INTO "phones" ("other_phone", "phone") VALUES(NULL, '(123) 456-7890')[0m
  [4;35;1mPhone Create (0.2ms)[0m   [0mINSERT INTO "phones" ("other_phone", "phone") VALUES(NULL, '(123) 456-7890')[0m
  [4;36;1mPhone Create (0.3ms)[0m   [0;1mINSERT INTO "phones" ("other_phone", "phone") VALUES(NULL, 'o123.456-7890')[0m
  [4;35;1mPhone Create (0.0ms)[0m   [0mINSERT INTO "phones" ("other_phone", "phone") VALUES(NULL, 'o123.456-7890')[0m
  [4;36;1mSQL (0.5ms)[0m   [0;1mselect sqlite_version(*)[0m
  [4;35;1mSQL (0.7ms)[0m   [0m SELECT name
 FROM sqlite_master
 WHERE type = 'table' AND NOT name = 'sqlite_sequence'
[0m
  [4;36;1mSQL (43.7ms)[0m   [0;1mDROP TABLE "phones"[0m
  [4;35;1mSQL (59.5ms)[0m   [0mCREATE TABLE "phones" ("id" INTEGER PRIMARY KEY AUTOINCREMENT NOT NULL, "phone" varchar(255), "other_phone" varchar(255)) [0m
  [4;36;1mSQL (18.2ms)[0m   [0;1m SELECT name
 FROM sqlite_master
 WHERE type = 'table' AND NOT name = 'sqlite_sequence'
[0m
  [4;35;1mSQL (0.0ms)[0m   [0mSELECT version FROM "schema_migrations"[0m
  [4;36;1mPhone Create (0.5ms)[0m   [0;1mINSERT INTO "phones" ("other_phone", "phone") VALUES(NULL, '1234567890')[0m
  [4;35;1mPhone Create (0.0ms)[0m   [0mINSERT INTO "phones" ("other_phone", "phone") VALUES(NULL, '1234567890')[0m
  [4;36;1mPhone Create (0.2ms)[0m   [0;1mINSERT INTO "phones" ("other_phone", "phone") VALUES(NULL, '123-456-7890')[0m
  [4;35;1mPhone Create (19.5ms)[0m   [0mINSERT INTO "phones" ("other_phone", "phone") VALUES(NULL, '123-456-7890')[0m
  [4;36;1mPhone Create (3.3ms)[0m   [0;1mINSERT INTO "phones" ("other_phone", "phone") VALUES(NULL, '(123) 456-7890')[0m
  [4;35;1mPhone Create (0.0ms)[0m   [0mINSERT INTO "phones" ("other_phone", "phone") VALUES(NULL, '(123) 456-7890')[0m
  [4;36;1mPhone Create (0.4ms)[0m   [0;1mINSERT INTO "phones" ("other_phone", "phone") VALUES(NULL, 'o123.456-7890')[0m
  [4;35;1mPhone Create (0.2ms)[0m   [0mINSERT INTO "phones" ("other_phone", "phone") VALUES(NULL, 'o123.456-7890')[0m
  [4;36;1mSQL (0.5ms)[0m   [0;1mselect sqlite_version(*)[0m
  [4;35;1mSQL (0.7ms)[0m   [0m SELECT name
 FROM sqlite_master
 WHERE type = 'table' AND NOT name = 'sqlite_sequence'
[0m
  [4;36;1mSQL (79.1ms)[0m   [0;1mDROP TABLE "phones"[0m
  [4;35;1mSQL (7.5ms)[0m   [0mCREATE TABLE "phones" ("id" INTEGER PRIMARY KEY AUTOINCREMENT NOT NULL, "phone" varchar(255), "other_phone" varchar(255)) [0m
  [4;36;1mSQL (0.5ms)[0m   [0;1m SELECT name
 FROM sqlite_master
 WHERE type = 'table' AND NOT name = 'sqlite_sequence'
[0m
  [4;35;1mSQL (0.0ms)[0m   [0mSELECT version FROM "schema_migrations"[0m
  [4;36;1mPhone Create (0.5ms)[0m   [0;1mINSERT INTO "phones" ("other_phone", "phone") VALUES(NULL, '1234567890')[0m
  [4;35;1mPhone Create (0.3ms)[0m   [0mINSERT INTO "phones" ("other_phone", "phone") VALUES(NULL, '1234567890')[0m
  [4;36;1mPhone Create (0.8ms)[0m   [0;1mINSERT INTO "phones" ("other_phone", "phone") VALUES(NULL, '1234567890')[0m
  [4;35;1mPhone Create (0.4ms)[0m   [0mINSERT INTO "phones" ("other_phone", "phone") VALUES(NULL, '123-456-7890')[0m
  [4;36;1mPhone Create (0.2ms)[0m   [0;1mINSERT INTO "phones" ("other_phone", "phone") VALUES(NULL, '123-456-7890')[0m
  [4;35;1mPhone Create (0.4ms)[0m   [0mINSERT INTO "phones" ("other_phone", "phone") VALUES(NULL, '123-456-7890')[0m
  [4;36;1mPhone Create (0.5ms)[0m   [0;1mINSERT INTO "phones" ("other_phone", "phone") VALUES(NULL, '(123) 456-7890')[0m
  [4;35;1mPhone Create (0.2ms)[0m   [0mINSERT INTO "phones" ("other_phone", "phone") VALUES(NULL, '(123) 456-7890')[0m
  [4;36;1mPhone Create (0.4ms)[0m   [0;1mINSERT INTO "phones" ("other_phone", "phone") VALUES(NULL, '(123) 456-7890')[0m
  [4;35;1mPhone Create (0.4ms)[0m   [0mINSERT INTO "phones" ("other_phone", "phone") VALUES(NULL, 'o123.456-7890')[0m
  [4;36;1mPhone Create (0.2ms)[0m   [0;1mINSERT INTO "phones" ("other_phone", "phone") VALUES(NULL, 'o123.456-7890')[0m
  [4;35;1mPhone Create (0.4ms)[0m   [0mINSERT INTO "phones" ("other_phone", "phone") VALUES(NULL, 'o123.456-7890')[0m
  [4;36;1mSQL (0.4ms)[0m   [0;1mselect sqlite_version(*)[0m
  [4;35;1mSQL (0.7ms)[0m   [0m SELECT name
 FROM sqlite_master
 WHERE type = 'table' AND NOT name = 'sqlite_sequence'
[0m
  [4;36;1mSQL (11.8ms)[0m   [0;1mDROP TABLE "phones"[0m
  [4;35;1mSQL (6.8ms)[0m   [0mCREATE TABLE "phones" ("id" INTEGER PRIMARY KEY AUTOINCREMENT NOT NULL, "phone" varchar(255), "other_phone" varchar(255)) [0m
  [4;36;1mSQL (0.4ms)[0m   [0;1m SELECT name
 FROM sqlite_master
 WHERE type = 'table' AND NOT name = 'sqlite_sequence'
[0m
  [4;35;1mSQL (0.3ms)[0m   [0mSELECT version FROM "schema_migrations"[0m
  [4;36;1mSQL (0.3ms)[0m   [0;1m SELECT name
 FROM sqlite_master
 WHERE type = 'table' AND NOT name = 'sqlite_sequence'
[0m
  [4;35;1mSQL (0.2ms)[0m   [0m SELECT name
 FROM sqlite_master
 WHERE type = 'table' AND NOT name = 'sqlite_sequence'
[0m
  [4;36;1mSQL (0.2ms)[0m   [0;1m SELECT name
 FROM sqlite_master
 WHERE type = 'table' AND NOT name = 'sqlite_sequence'
[0m
  [4;35;1mSQL (0.2ms)[0m   [0m SELECT name
 FROM sqlite_master
 WHERE type = 'table' AND NOT name = 'sqlite_sequence'
[0m
  [4;36;1mSQL (0.2ms)[0m   [0;1m SELECT name
 FROM sqlite_master
 WHERE type = 'table' AND NOT name = 'sqlite_sequence'
[0m
  [4;35;1mSQL (0.2ms)[0m   [0m SELECT name
 FROM sqlite_master
 WHERE type = 'table' AND NOT name = 'sqlite_sequence'
[0m
  [4;36;1mSQL (0.7ms)[0m   [0;1m SELECT name
 FROM sqlite_master
 WHERE type = 'table' AND NOT name = 'sqlite_sequence'
[0m
  [4;35;1mSQL (0.2ms)[0m   [0m SELECT name
 FROM sqlite_master
 WHERE type = 'table' AND NOT name = 'sqlite_sequence'
[0m
  [4;36;1mSQL (0.9ms)[0m   [0;1mselect sqlite_version(*)[0m
  [4;35;1mSQL (0.9ms)[0m   [0m SELECT name
 FROM sqlite_master
 WHERE type = 'table' AND NOT name = 'sqlite_sequence'
[0m
  [4;36;1mSQL (8.4ms)[0m   [0;1mDROP TABLE "phones"[0m
  [4;35;1mSQL (7.3ms)[0m   [0mCREATE TABLE "phones" ("id" INTEGER PRIMARY KEY AUTOINCREMENT NOT NULL, "phone" varchar(255), "other_phone" varchar(255)) [0m
  [4;36;1mSQL (0.5ms)[0m   [0;1m SELECT name
 FROM sqlite_master
 WHERE type = 'table' AND NOT name = 'sqlite_sequence'
[0m
  [4;35;1mSQL (0.3ms)[0m   [0mSELECT version FROM "schema_migrations"[0m
  [4;36;1mSQL (0.4ms)[0m   [0;1m SELECT name
 FROM sqlite_master
 WHERE type = 'table' AND NOT name = 'sqlite_sequence'
[0m
  [4;36;1mSQL (1.8ms)[0m   [0;1mselect sqlite_version(*)[0m
  [4;35;1mSQL (0.1ms)[0m   [0m SELECT name
 FROM sqlite_master
 WHERE type = 'table' AND NOT name = 'sqlite_sequence'
[0m
  [4;36;1mSQL (47.6ms)[0m   [0;1mDROP TABLE "phones"[0m
  [4;35;1mSQL (6.3ms)[0m   [0mCREATE TABLE "phones" ("id" INTEGER PRIMARY KEY AUTOINCREMENT NOT NULL, "phone" varchar(255), "other_phone" varchar(255)) [0m
  [4;36;1mSQL (0.5ms)[0m   [0;1m SELECT name
 FROM sqlite_master
 WHERE type = 'table' AND NOT name = 'sqlite_sequence'
[0m
  [4;35;1mSQL (0.3ms)[0m   [0mSELECT version FROM "schema_migrations"[0m
  [4;36;1mSQL (0.4ms)[0m   [0;1m SELECT name
 FROM sqlite_master
 WHERE type = 'table' AND NOT name = 'sqlite_sequence'
[0m
  [4;36;1mSQL (1.7ms)[0m   [0;1mselect sqlite_version(*)[0m
  [4;35;1mSQL (0.2ms)[0m   [0m SELECT name
 FROM sqlite_master
 WHERE type = 'table' AND NOT name = 'sqlite_sequence'
[0m
  [4;36;1mSQL (46.3ms)[0m   [0;1mDROP TABLE "phones"[0m
  [4;35;1mSQL (17.1ms)[0m   [0mCREATE TABLE "phones" ("id" INTEGER PRIMARY KEY AUTOINCREMENT NOT NULL, "phone" varchar(255), "other_phone" varchar(255)) [0m
  [4;36;1mSQL (0.5ms)[0m   [0;1m SELECT name
 FROM sqlite_master
 WHERE type = 'table' AND NOT name = 'sqlite_sequence'
[0m
  [4;35;1mSQL (0.4ms)[0m   [0mSELECT version FROM "schema_migrations"[0m
  [4;36;1mSQL (0.0ms)[0m   [0;1m SELECT name
 FROM sqlite_master
 WHERE type = 'table' AND NOT name = 'sqlite_sequence'
[0m
  [4;36;1mSQL (0.9ms)[0m   [0;1mselect sqlite_version(*)[0m
  [4;35;1mSQL (1.1ms)[0m   [0m SELECT name
 FROM sqlite_master
 WHERE type = 'table' AND NOT name = 'sqlite_sequence'
[0m
  [4;36;1mSQL (23.6ms)[0m   [0;1mDROP TABLE "phones"[0m
  [4;35;1mSQL (6.2ms)[0m   [0mCREATE TABLE "phones" ("id" INTEGER PRIMARY KEY AUTOINCREMENT NOT NULL, "phone" varchar(255), "other_phone" varchar(255)) [0m
  [4;36;1mSQL (0.5ms)[0m   [0;1m SELECT name
 FROM sqlite_master
 WHERE type = 'table' AND NOT name = 'sqlite_sequence'
[0m
  [4;35;1mSQL (0.4ms)[0m   [0mSELECT version FROM "schema_migrations"[0m
  [4;36;1mSQL (0.8ms)[0m   [0;1m SELECT name
 FROM sqlite_master
 WHERE type = 'table' AND NOT name = 'sqlite_sequence'
[0m
  [4;36;1mSQL (0.8ms)[0m   [0;1mselect sqlite_version(*)[0m
  [4;35;1mSQL (0.0ms)[0m   [0m SELECT name
 FROM sqlite_master
 WHERE type = 'table' AND NOT name = 'sqlite_sequence'
[0m
  [4;36;1mSQL (45.3ms)[0m   [0;1mDROP TABLE "phones"[0m
  [4;35;1mSQL (17.8ms)[0m   [0mCREATE TABLE "phones" ("id" INTEGER PRIMARY KEY AUTOINCREMENT NOT NULL, "phone" varchar(255), "other_phone" varchar(255)) [0m
  [4;36;1mSQL (0.5ms)[0m   [0;1m SELECT name
 FROM sqlite_master
 WHERE type = 'table' AND NOT name = 'sqlite_sequence'
[0m
  [4;35;1mSQL (0.3ms)[0m   [0mSELECT version FROM "schema_migrations"[0m
  [4;36;1mSQL (0.8ms)[0m   [0;1mselect sqlite_version(*)[0m
  [4;35;1mSQL (1.0ms)[0m   [0m SELECT name
 FROM sqlite_master
 WHERE type = 'table' AND NOT name = 'sqlite_sequence'
[0m
  [4;36;1mSQL (31.4ms)[0m   [0;1mDROP TABLE "phones"[0m
  [4;35;1mSQL (6.6ms)[0m   [0mCREATE TABLE "phones" ("id" INTEGER PRIMARY KEY AUTOINCREMENT NOT NULL, "phone" varchar(255), "other_phone" varchar(255)) [0m
  [4;36;1mSQL (0.5ms)[0m   [0;1m SELECT name
 FROM sqlite_master
 WHERE type = 'table' AND NOT name = 'sqlite_sequence'
[0m
  [4;35;1mSQL (0.3ms)[0m   [0mSELECT version FROM "schema_migrations"[0m
  [4;36;1mSQL (0.1ms)[0m   [0;1mselect sqlite_version(*)[0m
  [4;35;1mSQL (1.0ms)[0m   [0m SELECT name
 FROM sqlite_master
 WHERE type = 'table' AND NOT name = 'sqlite_sequence'
[0m
  [4;36;1mSQL (63.8ms)[0m   [0;1mDROP TABLE "phones"[0m
  [4;35;1mSQL (12.2ms)[0m   [0mCREATE TABLE "phones" ("id" INTEGER PRIMARY KEY AUTOINCREMENT NOT NULL, "phone" varchar(255), "other_phone" varchar(255)) [0m
  [4;36;1mSQL (0.0ms)[0m   [0;1m SELECT name
 FROM sqlite_master
 WHERE type = 'table' AND NOT name = 'sqlite_sequence'
[0m
  [4;35;1mSQL (0.3ms)[0m   [0mSELECT version FROM "schema_migrations"[0m
  [4;36;1mSQL (0.8ms)[0m   [0;1mselect sqlite_version(*)[0m
  [4;35;1mSQL (0.9ms)[0m   [0m SELECT name
 FROM sqlite_master
 WHERE type = 'table' AND NOT name = 'sqlite_sequence'
[0m
  [4;36;1mSQL (22.8ms)[0m   [0;1mDROP TABLE "phones"[0m
  [4;35;1mSQL (54.9ms)[0m   [0mCREATE TABLE "phones" ("id" INTEGER PRIMARY KEY AUTOINCREMENT NOT NULL, "phone" varchar(255), "other_phone" varchar(255)) [0m
  [4;36;1mSQL (0.5ms)[0m   [0;1m SELECT name
 FROM sqlite_master
 WHERE type = 'table' AND NOT name = 'sqlite_sequence'
[0m
  [4;35;1mSQL (0.4ms)[0m   [0mSELECT version FROM "schema_migrations"[0m
  [4;36;1mSQL (0.8ms)[0m   [0;1mselect sqlite_version(*)[0m
  [4;35;1mSQL (0.9ms)[0m   [0m SELECT name
 FROM sqlite_master
 WHERE type = 'table' AND NOT name = 'sqlite_sequence'
[0m
  [4;36;1mSQL (9.3ms)[0m   [0;1mDROP TABLE "phones"[0m
  [4;35;1mSQL (5.9ms)[0m   [0mCREATE TABLE "phones" ("id" INTEGER PRIMARY KEY AUTOINCREMENT NOT NULL, "phone" varchar(255), "other_phone" varchar(255)) [0m
  [4;36;1mSQL (0.5ms)[0m   [0;1m SELECT name
 FROM sqlite_master
 WHERE type = 'table' AND NOT name = 'sqlite_sequence'
[0m
  [4;35;1mSQL (0.3ms)[0m   [0mSELECT version FROM "schema_migrations"[0m
  [4;36;1mSQL (0.5ms)[0m   [0;1m SELECT name
 FROM sqlite_master
 WHERE type = 'table' AND NOT name = 'sqlite_sequence'
[0m
  [4;35;1mSQL (0.5ms)[0m   [0m SELECT name
 FROM sqlite_master
 WHERE type = 'table' AND NOT name = 'sqlite_sequence'
[0m
  [4;36;1mSQL (0.5ms)[0m   [0;1m SELECT name
 FROM sqlite_master
 WHERE type = 'table' AND NOT name = 'sqlite_sequence'
[0m
  [4;35;1mSQL (0.5ms)[0m   [0m SELECT name
 FROM sqlite_master
 WHERE type = 'table' AND NOT name = 'sqlite_sequence'
[0m
  [4;36;1mSQL (0.8ms)[0m   [0;1m SELECT name
 FROM sqlite_master
 WHERE type = 'table' AND NOT name = 'sqlite_sequence'
[0m
  [4;35;1mSQL (0.5ms)[0m   [0m SELECT name
 FROM sqlite_master
 WHERE type = 'table' AND NOT name = 'sqlite_sequence'
[0m
  [4;36;1mSQL (0.4ms)[0m   [0;1m SELECT name
 FROM sqlite_master
 WHERE type = 'table' AND NOT name = 'sqlite_sequence'
[0m
  [4;35;1mSQL (0.4ms)[0m   [0m SELECT name
 FROM sqlite_master
 WHERE type = 'table' AND NOT name = 'sqlite_sequence'
[0m
  [4;36;1mSQL (0.8ms)[0m   [0;1mselect sqlite_version(*)[0m
  [4;35;1mSQL (0.8ms)[0m   [0m SELECT name
 FROM sqlite_master
 WHERE type = 'table' AND NOT name = 'sqlite_sequence'
[0m
  [4;36;1mSQL (49.4ms)[0m   [0;1mDROP TABLE "phones"[0m
  [4;35;1mSQL (31.9ms)[0m   [0mCREATE TABLE "phones" ("id" INTEGER PRIMARY KEY AUTOINCREMENT NOT NULL, "phone" varchar(255), "other_phone" varchar(255)) [0m
  [4;36;1mSQL (0.1ms)[0m   [0;1m SELECT name
 FROM sqlite_master
 WHERE type = 'table' AND NOT name = 'sqlite_sequence'
[0m
  [4;35;1mSQL (0.8ms)[0m   [0mSELECT version FROM "schema_migrations"[0m
  [4;36;1mSQL (3.2ms)[0m   [0;1m SELECT name
 FROM sqlite_master
 WHERE type = 'table' AND NOT name = 'sqlite_sequence'
[0m
  [4;35;1mSQL (2.8ms)[0m   [0m SELECT name
 FROM sqlite_master
 WHERE type = 'table' AND NOT name = 'sqlite_sequence'
[0m
  [4;36;1mSQL (0.5ms)[0m   [0;1m SELECT name
 FROM sqlite_master
 WHERE type = 'table' AND NOT name = 'sqlite_sequence'
[0m
  [4;35;1mSQL (0.5ms)[0m   [0m SELECT name
 FROM sqlite_master
 WHERE type = 'table' AND NOT name = 'sqlite_sequence'
[0m
  [4;36;1mSQL (0.6ms)[0m   [0;1m SELECT name
 FROM sqlite_master
 WHERE type = 'table' AND NOT name = 'sqlite_sequence'
[0m
  [4;35;1mSQL (0.6ms)[0m   [0m SELECT name
 FROM sqlite_master
 WHERE type = 'table' AND NOT name = 'sqlite_sequence'
[0m
  [4;36;1mSQL (0.5ms)[0m   [0;1m SELECT name
 FROM sqlite_master
 WHERE type = 'table' AND NOT name = 'sqlite_sequence'
[0m
  [4;35;1mSQL (0.4ms)[0m   [0m SELECT name
 FROM sqlite_master
 WHERE type = 'table' AND NOT name = 'sqlite_sequence'
[0m
  [4;36;1mSQL (1.8ms)[0m   [0;1mselect sqlite_version(*)[0m
  [4;35;1mSQL (0.8ms)[0m   [0m SELECT name
 FROM sqlite_master
 WHERE type = 'table' AND NOT name = 'sqlite_sequence'
[0m
  [4;36;1mSQL (26.0ms)[0m   [0;1mDROP TABLE "phones"[0m
  [4;35;1mSQL (5.9ms)[0m   [0mCREATE TABLE "phones" ("id" INTEGER PRIMARY KEY AUTOINCREMENT NOT NULL, "phone" varchar(255), "other_phone" varchar(255)) [0m
  [4;36;1mSQL (0.5ms)[0m   [0;1m SELECT name
 FROM sqlite_master
 WHERE type = 'table' AND NOT name = 'sqlite_sequence'
[0m
  [4;35;1mSQL (0.4ms)[0m   [0mSELECT version FROM "schema_migrations"[0m
  [4;36;1mSQL (0.6ms)[0m   [0;1m SELECT name
 FROM sqlite_master
 WHERE type = 'table' AND NOT name = 'sqlite_sequence'
[0m
  [4;35;1mSQL (0.5ms)[0m   [0m SELECT name
 FROM sqlite_master
 WHERE type = 'table' AND NOT name = 'sqlite_sequence'
[0m
  [4;36;1mSQL (0.5ms)[0m   [0;1m SELECT name
 FROM sqlite_master
 WHERE type = 'table' AND NOT name = 'sqlite_sequence'
[0m
  [4;35;1mSQL (0.6ms)[0m   [0m SELECT name
 FROM sqlite_master
 WHERE type = 'table' AND NOT name = 'sqlite_sequence'
[0m
  [4;36;1mSQL (0.5ms)[0m   [0;1m SELECT name
 FROM sqlite_master
 WHERE type = 'table' AND NOT name = 'sqlite_sequence'
[0m
  [4;35;1mSQL (0.4ms)[0m   [0m SELECT name
 FROM sqlite_master
 WHERE type = 'table' AND NOT name = 'sqlite_sequence'
[0m
  [4;36;1mSQL (0.4ms)[0m   [0;1m SELECT name
 FROM sqlite_master
 WHERE type = 'table' AND NOT name = 'sqlite_sequence'
[0m
  [4;35;1mSQL (0.7ms)[0m   [0m SELECT name
 FROM sqlite_master
 WHERE type = 'table' AND NOT name = 'sqlite_sequence'
[0m
  [4;36;1mSQL (0.8ms)[0m   [0;1mselect sqlite_version(*)[0m
  [4;35;1mSQL (1.0ms)[0m   [0m SELECT name
 FROM sqlite_master
 WHERE type = 'table' AND NOT name = 'sqlite_sequence'
[0m
  [4;36;1mSQL (41.8ms)[0m   [0;1mDROP TABLE "phones"[0m
  [4;35;1mSQL (22.7ms)[0m   [0mCREATE TABLE "phones" ("id" INTEGER PRIMARY KEY AUTOINCREMENT NOT NULL, "phone" varchar(255), "other_phone" varchar(255)) [0m
  [4;36;1mSQL (0.5ms)[0m   [0;1m SELECT name
 FROM sqlite_master
 WHERE type = 'table' AND NOT name = 'sqlite_sequence'
[0m
  [4;35;1mSQL (0.3ms)[0m   [0mSELECT version FROM "schema_migrations"[0m
  [4;36;1mSQL (0.7ms)[0m   [0;1m SELECT name
 FROM sqlite_master
 WHERE type = 'table' AND NOT name = 'sqlite_sequence'
[0m
  [4;35;1mSQL (0.5ms)[0m   [0m SELECT name
 FROM sqlite_master
 WHERE type = 'table' AND NOT name = 'sqlite_sequence'
[0m
  [4;36;1mSQL (0.5ms)[0m   [0;1m SELECT name
 FROM sqlite_master
 WHERE type = 'table' AND NOT name = 'sqlite_sequence'
[0m
  [4;35;1mSQL (0.5ms)[0m   [0m SELECT name
 FROM sqlite_master
 WHERE type = 'table' AND NOT name = 'sqlite_sequence'
[0m
  [4;36;1mSQL (0.5ms)[0m   [0;1m SELECT name
 FROM sqlite_master
 WHERE type = 'table' AND NOT name = 'sqlite_sequence'
[0m
  [4;35;1mSQL (0.4ms)[0m   [0m SELECT name
 FROM sqlite_master
 WHERE type = 'table' AND NOT name = 'sqlite_sequence'
[0m
  [4;36;1mSQL (0.4ms)[0m   [0;1m SELECT name
 FROM sqlite_master
 WHERE type = 'table' AND NOT name = 'sqlite_sequence'
[0m
  [4;35;1mSQL (0.4ms)[0m   [0m SELECT name
 FROM sqlite_master
 WHERE type = 'table' AND NOT name = 'sqlite_sequence'
[0m
  [4;36;1mSQL (0.8ms)[0m   [0;1mselect sqlite_version(*)[0m
  [4;35;1mSQL (0.8ms)[0m   [0m SELECT name
 FROM sqlite_master
 WHERE type = 'table' AND NOT name = 'sqlite_sequence'
[0m
  [4;36;1mSQL (18.8ms)[0m   [0;1mDROP TABLE "phones"[0m
  [4;35;1mSQL (6.2ms)[0m   [0mCREATE TABLE "phones" ("id" INTEGER PRIMARY KEY AUTOINCREMENT NOT NULL, "phone" varchar(255), "other_phone" varchar(255)) [0m
  [4;36;1mSQL (0.5ms)[0m   [0;1m SELECT name
 FROM sqlite_master
 WHERE type = 'table' AND NOT name = 'sqlite_sequence'
[0m
  [4;35;1mSQL (0.4ms)[0m   [0mSELECT version FROM "schema_migrations"[0m
  [4;36;1mSQL (0.7ms)[0m   [0;1m SELECT name
 FROM sqlite_master
 WHERE type = 'table' AND NOT name = 'sqlite_sequence'
[0m
  [4;35;1mSQL (0.5ms)[0m   [0m SELECT name
 FROM sqlite_master
 WHERE type = 'table' AND NOT name = 'sqlite_sequence'
[0m
  [4;36;1mSQL (0.5ms)[0m   [0;1m SELECT name
 FROM sqlite_master
 WHERE type = 'table' AND NOT name = 'sqlite_sequence'
[0m
  [4;35;1mSQL (0.5ms)[0m   [0m SELECT name
 FROM sqlite_master
 WHERE type = 'table' AND NOT name = 'sqlite_sequence'
[0m
  [4;36;1mSQL (0.6ms)[0m   [0;1m SELECT name
 FROM sqlite_master
 WHERE type = 'table' AND NOT name = 'sqlite_sequence'
[0m
  [4;35;1mSQL (0.4ms)[0m   [0m SELECT name
 FROM sqlite_master
 WHERE type = 'table' AND NOT name = 'sqlite_sequence'
[0m
  [4;36;1mSQL (0.4ms)[0m   [0;1m SELECT name
 FROM sqlite_master
 WHERE type = 'table' AND NOT name = 'sqlite_sequence'
[0m
  [4;35;1mSQL (2.7ms)[0m   [0m SELECT name
 FROM sqlite_master
 WHERE type = 'table' AND NOT name = 'sqlite_sequence'
[0m
  [4;36;1mSQL (0.8ms)[0m   [0;1mselect sqlite_version(*)[0m
  [4;35;1mSQL (0.9ms)[0m   [0m SELECT name
 FROM sqlite_master
 WHERE type = 'table' AND NOT name = 'sqlite_sequence'
[0m
  [4;36;1mSQL (40.6ms)[0m   [0;1mDROP TABLE "phones"[0m
  [4;35;1mSQL (10.0ms)[0m   [0mCREATE TABLE "phones" ("id" INTEGER PRIMARY KEY AUTOINCREMENT NOT NULL, "phone" varchar(255), "other_phone" varchar(255)) [0m
  [4;36;1mSQL (0.5ms)[0m   [0;1m SELECT name
 FROM sqlite_master
 WHERE type = 'table' AND NOT name = 'sqlite_sequence'
[0m
  [4;35;1mSQL (0.3ms)[0m   [0mSELECT version FROM "schema_migrations"[0m
  [4;36;1mSQL (1.1ms)[0m   [0;1m SELECT name
 FROM sqlite_master
 WHERE type = 'table' AND NOT name = 'sqlite_sequence'
[0m
  [4;35;1mSQL (1.6ms)[0m   [0m SELECT name
 FROM sqlite_master
 WHERE type = 'table' AND NOT name = 'sqlite_sequence'
[0m
  [4;36;1mSQL (0.1ms)[0m   [0;1m SELECT name
 FROM sqlite_master
 WHERE type = 'table' AND NOT name = 'sqlite_sequence'
[0m
  [4;35;1mSQL (3.5ms)[0m   [0m SELECT name
 FROM sqlite_master
 WHERE type = 'table' AND NOT name = 'sqlite_sequence'
[0m
  [4;36;1mSQL (0.5ms)[0m   [0;1m SELECT name
 FROM sqlite_master
 WHERE type = 'table' AND NOT name = 'sqlite_sequence'
[0m
  [4;35;1mSQL (0.4ms)[0m   [0m SELECT name
 FROM sqlite_master
 WHERE type = 'table' AND NOT name = 'sqlite_sequence'
[0m
  [4;36;1mSQL (0.4ms)[0m   [0;1m SELECT name
 FROM sqlite_master
 WHERE type = 'table' AND NOT name = 'sqlite_sequence'
[0m
  [4;35;1mSQL (0.5ms)[0m   [0m SELECT name
 FROM sqlite_master
 WHERE type = 'table' AND NOT name = 'sqlite_sequence'
[0m
  [4;36;1mSQL (0.8ms)[0m   [0;1mselect sqlite_version(*)[0m
  [4;35;1mSQL (1.5ms)[0m   [0m SELECT name
 FROM sqlite_master
 WHERE type = 'table' AND NOT name = 'sqlite_sequence'
[0m
  [4;36;1mSQL (43.5ms)[0m   [0;1mDROP TABLE "phones"[0m
  [4;35;1mSQL (10.5ms)[0m   [0mCREATE TABLE "phones" ("id" INTEGER PRIMARY KEY AUTOINCREMENT NOT NULL, "phone" varchar(255), "other_phone" varchar(255)) [0m
  [4;36;1mSQL (0.5ms)[0m   [0;1m SELECT name
 FROM sqlite_master
 WHERE type = 'table' AND NOT name = 'sqlite_sequence'
[0m
  [4;35;1mSQL (0.3ms)[0m   [0mSELECT version FROM "schema_migrations"[0m
  [4;36;1mSQL (0.8ms)[0m   [0;1m SELECT name
 FROM sqlite_master
 WHERE type = 'table' AND NOT name = 'sqlite_sequence'
[0m
  [4;35;1mSQL (0.9ms)[0m   [0m SELECT name
 FROM sqlite_master
 WHERE type = 'table' AND NOT name = 'sqlite_sequence'
[0m
  [4;36;1mSQL (0.5ms)[0m   [0;1m SELECT name
 FROM sqlite_master
 WHERE type = 'table' AND NOT name = 'sqlite_sequence'
[0m
  [4;35;1mSQL (2.3ms)[0m   [0m SELECT name
 FROM sqlite_master
 WHERE type = 'table' AND NOT name = 'sqlite_sequence'
[0m
  [4;36;1mSQL (0.9ms)[0m   [0;1m SELECT name
 FROM sqlite_master
 WHERE type = 'table' AND NOT name = 'sqlite_sequence'
[0m
  [4;35;1mSQL (0.5ms)[0m   [0m SELECT name
 FROM sqlite_master
 WHERE type = 'table' AND NOT name = 'sqlite_sequence'
[0m
  [4;36;1mSQL (0.4ms)[0m   [0;1m SELECT name
 FROM sqlite_master
 WHERE type = 'table' AND NOT name = 'sqlite_sequence'
[0m
  [4;35;1mSQL (0.0ms)[0m   [0m SELECT name
 FROM sqlite_master
 WHERE type = 'table' AND NOT name = 'sqlite_sequence'
[0m
  [4;36;1mSQL (0.8ms)[0m   [0;1mselect sqlite_version(*)[0m
  [4;35;1mSQL (0.9ms)[0m   [0m SELECT name
 FROM sqlite_master
 WHERE type = 'table' AND NOT name = 'sqlite_sequence'
[0m
  [4;36;1mSQL (75.0ms)[0m   [0;1mDROP TABLE "phones"[0m
  [4;35;1mSQL (12.6ms)[0m   [0mCREATE TABLE "phones" ("id" INTEGER PRIMARY KEY AUTOINCREMENT NOT NULL, "phone" varchar(255), "other_phone" varchar(255)) [0m
  [4;36;1mSQL (0.7ms)[0m   [0;1m SELECT name
 FROM sqlite_master
 WHERE type = 'table' AND NOT name = 'sqlite_sequence'
[0m
  [4;35;1mSQL (0.4ms)[0m   [0mSELECT version FROM "schema_migrations"[0m
  [4;36;1mSQL (6.3ms)[0m   [0;1m SELECT name
 FROM sqlite_master
 WHERE type = 'table' AND NOT name = 'sqlite_sequence'
[0m
  [4;35;1mSQL (0.6ms)[0m   [0m SELECT name
 FROM sqlite_master
 WHERE type = 'table' AND NOT name = 'sqlite_sequence'
[0m
  [4;36;1mSQL (0.5ms)[0m   [0;1m SELECT name
 FROM sqlite_master
 WHERE type = 'table' AND NOT name = 'sqlite_sequence'
[0m
  [4;35;1mSQL (0.5ms)[0m   [0m SELECT name
 FROM sqlite_master
 WHERE type = 'table' AND NOT name = 'sqlite_sequence'
[0m
  [4;36;1mSQL (0.6ms)[0m   [0;1m SELECT name
 FROM sqlite_master
 WHERE type = 'table' AND NOT name = 'sqlite_sequence'
[0m
  [4;35;1mSQL (0.5ms)[0m   [0m SELECT name
 FROM sqlite_master
 WHERE type = 'table' AND NOT name = 'sqlite_sequence'
[0m
  [4;36;1mSQL (0.4ms)[0m   [0;1m SELECT name
 FROM sqlite_master
 WHERE type = 'table' AND NOT name = 'sqlite_sequence'
[0m
  [4;35;1mSQL (0.4ms)[0m   [0m SELECT name
 FROM sqlite_master
 WHERE type = 'table' AND NOT name = 'sqlite_sequence'
[0m
  [4;36;1mSQL (0.0ms)[0m   [0;1mselect sqlite_version(*)[0m
  [4;35;1mSQL (0.0ms)[0m   [0m SELECT name
 FROM sqlite_master
 WHERE type = 'table' AND NOT name = 'sqlite_sequence'
[0m
  [4;36;1mSQL (54.8ms)[0m   [0;1mDROP TABLE "phones"[0m
  [4;35;1mSQL (24.0ms)[0m   [0mCREATE TABLE "phones" ("id" INTEGER PRIMARY KEY AUTOINCREMENT NOT NULL, "phone" varchar(255), "other_phone" varchar(255)) [0m
  [4;36;1mSQL (2.6ms)[0m   [0;1m SELECT name
 FROM sqlite_master
 WHERE type = 'table' AND NOT name = 'sqlite_sequence'
[0m
  [4;35;1mSQL (0.4ms)[0m   [0mSELECT version FROM "schema_migrations"[0m
  [4;36;1mSQL (1.6ms)[0m   [0;1mselect sqlite_version(*)[0m
  [4;35;1mSQL (1.6ms)[0m   [0m SELECT name
 FROM sqlite_master
 WHERE type = 'table' AND NOT name = 'sqlite_sequence'
[0m
  [4;36;1mSQL (43.9ms)[0m   [0;1mDROP TABLE "phones"[0m
  [4;35;1mSQL (7.7ms)[0m   [0mCREATE TABLE "phones" ("id" INTEGER PRIMARY KEY AUTOINCREMENT NOT NULL, "phone" varchar(255), "other_phone" varchar(255)) [0m
  [4;36;1mSQL (0.5ms)[0m   [0;1m SELECT name
 FROM sqlite_master
 WHERE type = 'table' AND NOT name = 'sqlite_sequence'
[0m
  [4;35;1mSQL (0.3ms)[0m   [0mSELECT version FROM "schema_migrations"[0m
  [4;36;1mSQL (2.4ms)[0m   [0;1m SELECT name
 FROM sqlite_master
 WHERE type = 'table' AND NOT name = 'sqlite_sequence'
[0m
  [4;35;1mSQL (0.2ms)[0m   [0m SELECT name
 FROM sqlite_master
 WHERE type = 'table' AND NOT name = 'sqlite_sequence'
[0m
  [4;36;1mSQL (1.4ms)[0m   [0;1m SELECT name
 FROM sqlite_master
 WHERE type = 'table' AND NOT name = 'sqlite_sequence'
[0m
  [4;35;1mSQL (0.2ms)[0m   [0m SELECT name
 FROM sqlite_master
 WHERE type = 'table' AND NOT name = 'sqlite_sequence'
[0m
  [4;36;1mSQL (1.5ms)[0m   [0;1m SELECT name
 FROM sqlite_master
 WHERE type = 'table' AND NOT name = 'sqlite_sequence'
[0m
  [4;35;1mSQL (2.4ms)[0m   [0m SELECT name
 FROM sqlite_master
 WHERE type = 'table' AND NOT name = 'sqlite_sequence'
[0m
  [4;36;1mSQL (1.5ms)[0m   [0;1m SELECT name
 FROM sqlite_master
 WHERE type = 'table' AND NOT name = 'sqlite_sequence'
[0m
  [4;35;1mSQL (1.4ms)[0m   [0m SELECT name
 FROM sqlite_master
 WHERE type = 'table' AND NOT name = 'sqlite_sequence'
[0m
  [4;36;1mSQL (0.8ms)[0m   [0;1mselect sqlite_version(*)[0m
  [4;35;1mSQL (0.9ms)[0m   [0m SELECT name
 FROM sqlite_master
 WHERE type = 'table' AND NOT name = 'sqlite_sequence'
[0m
  [4;36;1mSQL (43.3ms)[0m   [0;1mDROP TABLE "phones"[0m
  [4;35;1mSQL (6.0ms)[0m   [0mCREATE TABLE "phones" ("id" INTEGER PRIMARY KEY AUTOINCREMENT NOT NULL, "phone" varchar(255), "other_phone" varchar(255)) [0m
  [4;36;1mSQL (0.5ms)[0m   [0;1m SELECT name
 FROM sqlite_master
 WHERE type = 'table' AND NOT name = 'sqlite_sequence'
[0m
  [4;35;1mSQL (0.4ms)[0m   [0mSELECT version FROM "schema_migrations"[0m
  [4;36;1mSQL (0.8ms)[0m   [0;1mselect sqlite_version(*)[0m
  [4;35;1mSQL (0.8ms)[0m   [0m SELECT name
 FROM sqlite_master
 WHERE type = 'table' AND NOT name = 'sqlite_sequence'
[0m
  [4;36;1mSQL (49.0ms)[0m   [0;1mDROP TABLE "phones"[0m
  [4;35;1mSQL (21.0ms)[0m   [0mCREATE TABLE "phones" ("id" INTEGER PRIMARY KEY AUTOINCREMENT NOT NULL, "phone" varchar(255), "other_phone" varchar(255)) [0m
  [4;36;1mSQL (0.5ms)[0m   [0;1m SELECT name
 FROM sqlite_master
 WHERE type = 'table' AND NOT name = 'sqlite_sequence'
[0m
  [4;35;1mSQL (0.3ms)[0m   [0mSELECT version FROM "schema_migrations"[0m
  [4;36;1mSQL (0.8ms)[0m   [0;1mselect sqlite_version(*)[0m
  [4;35;1mSQL (1.0ms)[0m   [0m SELECT name
 FROM sqlite_master
 WHERE type = 'table' AND NOT name = 'sqlite_sequence'
[0m
  [4;36;1mSQL (44.7ms)[0m   [0;1mDROP TABLE "phones"[0m
  [4;35;1mSQL (15.1ms)[0m   [0mCREATE TABLE "phones" ("id" INTEGER PRIMARY KEY AUTOINCREMENT NOT NULL, "phone" varchar(255), "other_phone" varchar(255)) [0m
  [4;36;1mSQL (0.5ms)[0m   [0;1m SELECT name
 FROM sqlite_master
 WHERE type = 'table' AND NOT name = 'sqlite_sequence'
[0m
  [4;35;1mSQL (0.3ms)[0m   [0mSELECT version FROM "schema_migrations"[0m
  [4;36;1mPhone Create (0.9ms)[0m   [0;1mINSERT INTO "phones" ("other_phone", "phone") VALUES(NULL, '(123) 456-7890')[0m
  [4;35;1mPhone Create (1.4ms)[0m   [0mINSERT INTO "phones" ("other_phone", "phone") VALUES(NULL, '((12) 3) -456-')[0m
  [4;36;1mSQL (0.0ms)[0m   [0;1mselect sqlite_version(*)[0m
  [4;35;1mSQL (0.0ms)[0m   [0m SELECT name
 FROM sqlite_master
 WHERE type = 'table' AND NOT name = 'sqlite_sequence'
[0m
  [4;36;1mSQL (93.8ms)[0m   [0;1mDROP TABLE "phones"[0m
  [4;35;1mSQL (6.7ms)[0m   [0mCREATE TABLE "phones" ("id" INTEGER PRIMARY KEY AUTOINCREMENT NOT NULL, "phone" varchar(255), "other_phone" varchar(255)) [0m
  [4;36;1mSQL (0.5ms)[0m   [0;1m SELECT name
 FROM sqlite_master
 WHERE type = 'table' AND NOT name = 'sqlite_sequence'
[0m
  [4;35;1mSQL (0.8ms)[0m   [0mSELECT version FROM "schema_migrations"[0m
  [4;36;1mSQL (1.6ms)[0m   [0;1mselect sqlite_version(*)[0m
  [4;35;1mSQL (0.0ms)[0m   [0m SELECT name
 FROM sqlite_master
 WHERE type = 'table' AND NOT name = 'sqlite_sequence'
[0m
  [4;36;1mSQL (36.7ms)[0m   [0;1mDROP TABLE "phones"[0m
  [4;35;1mSQL (6.3ms)[0m   [0mCREATE TABLE "phones" ("id" INTEGER PRIMARY KEY AUTOINCREMENT NOT NULL, "phone" varchar(255), "other_phone" varchar(255)) [0m
  [4;36;1mSQL (0.5ms)[0m   [0;1m SELECT name
 FROM sqlite_master
 WHERE type = 'table' AND NOT name = 'sqlite_sequence'
[0m
  [4;35;1mSQL (0.3ms)[0m   [0mSELECT version FROM "schema_migrations"[0m
  [4;36;1mPhone Create (1.9ms)[0m   [0;1mINSERT INTO "phones" ("other_phone", "phone") VALUES(NULL, '(123) 456-7890')[0m
  [4;36;1mSQL (0.8ms)[0m   [0;1mselect sqlite_version(*)[0m
  [4;35;1mSQL (0.9ms)[0m   [0m SELECT name
 FROM sqlite_master
 WHERE type = 'table' AND NOT name = 'sqlite_sequence'
[0m
  [4;36;1mSQL (22.8ms)[0m   [0;1mDROP TABLE "phones"[0m
  [4;35;1mSQL (6.0ms)[0m   [0mCREATE TABLE "phones" ("id" INTEGER PRIMARY KEY AUTOINCREMENT NOT NULL, "phone" varchar(255), "other_phone" varchar(255)) [0m
  [4;36;1mSQL (0.5ms)[0m   [0;1m SELECT name
 FROM sqlite_master
 WHERE type = 'table' AND NOT name = 'sqlite_sequence'
[0m
  [4;35;1mSQL (0.3ms)[0m   [0mSELECT version FROM "schema_migrations"[0m
  [4;36;1mPhone Create (2.6ms)[0m   [0;1mINSERT INTO "phones" ("other_phone", "phone") VALUES(NULL, '(123) 456-7890')[0m
  [4;35;1mPhone Create (0.5ms)[0m   [0mINSERT INTO "phones" ("other_phone", "phone") VALUES(NULL, '((12) 3) -456-')[0m
  [4;36;1mSQL (2.8ms)[0m   [0;1mselect sqlite_version(*)[0m
  [4;35;1mSQL (0.9ms)[0m   [0m SELECT name
 FROM sqlite_master
 WHERE type = 'table' AND NOT name = 'sqlite_sequence'
[0m
  [4;36;1mSQL (29.7ms)[0m   [0;1mDROP TABLE "phones"[0m
  [4;35;1mSQL (11.8ms)[0m   [0mCREATE TABLE "phones" ("id" INTEGER PRIMARY KEY AUTOINCREMENT NOT NULL, "phone" varchar(255), "other_phone" varchar(255)) [0m
  [4;36;1mSQL (0.0ms)[0m   [0;1m SELECT name
 FROM sqlite_master
 WHERE type = 'table' AND NOT name = 'sqlite_sequence'
[0m
  [4;35;1mSQL (1.6ms)[0m   [0mSELECT version FROM "schema_migrations"[0m
  [4;36;1mPhone Create (1.4ms)[0m   [0;1mINSERT INTO "phones" ("other_phone", "phone") VALUES(NULL, '(123) 456-7890')[0m
  [4;36;1mSQL (0.8ms)[0m   [0;1mselect sqlite_version(*)[0m
  [4;35;1mSQL (1.7ms)[0m   [0m SELECT name
 FROM sqlite_master
 WHERE type = 'table' AND NOT name = 'sqlite_sequence'
[0m
  [4;36;1mSQL (29.8ms)[0m   [0;1mDROP TABLE "phones"[0m
  [4;35;1mSQL (5.7ms)[0m   [0mCREATE TABLE "phones" ("id" INTEGER PRIMARY KEY AUTOINCREMENT NOT NULL, "phone" varchar(255), "other_phone" varchar(255)) [0m
  [4;36;1mSQL (0.4ms)[0m   [0;1m SELECT name
 FROM sqlite_master
 WHERE type = 'table' AND NOT name = 'sqlite_sequence'
[0m
  [4;35;1mSQL (0.5ms)[0m   [0mSELECT version FROM "schema_migrations"[0m
  [4;36;1mPhone Create (0.4ms)[0m   [0;1mINSERT INTO "phones" ("other_phone", "phone") VALUES(NULL, '(123) 456-7890')[0m
  [4;35;1mPhone Create (0.2ms)[0m   [0mINSERT INTO "phones" ("other_phone", "phone") VALUES(NULL, '((12) 3) -456-')[0m
  [4;36;1mSQL (0.8ms)[0m   [0;1mselect sqlite_version(*)[0m
  [4;35;1mSQL (0.8ms)[0m   [0m SELECT name
 FROM sqlite_master
 WHERE type = 'table' AND NOT name = 'sqlite_sequence'
[0m
  [4;36;1mSQL (22.6ms)[0m   [0;1mDROP TABLE "phones"[0m
  [4;35;1mSQL (10.2ms)[0m   [0mCREATE TABLE "phones" ("id" INTEGER PRIMARY KEY AUTOINCREMENT NOT NULL, "phone" varchar(255), "other_phone" varchar(255)) [0m
  [4;36;1mSQL (0.5ms)[0m   [0;1m SELECT name
 FROM sqlite_master
 WHERE type = 'table' AND NOT name = 'sqlite_sequence'
[0m
  [4;35;1mSQL (0.4ms)[0m   [0mSELECT version FROM "schema_migrations"[0m
  [4;36;1mPhone Create (1.5ms)[0m   [0;1mINSERT INTO "phones" ("other_phone", "phone") VALUES(NULL, '(123) 456-7890')[0m
  [4;36;1mSQL (0.8ms)[0m   [0;1mselect sqlite_version(*)[0m
  [4;35;1mSQL (0.1ms)[0m   [0m SELECT name
 FROM sqlite_master
 WHERE type = 'table' AND NOT name = 'sqlite_sequence'
[0m
  [4;36;1mSQL (52.3ms)[0m   [0;1mDROP TABLE "phones"[0m
  [4;35;1mSQL (6.4ms)[0m   [0mCREATE TABLE "phones" ("id" INTEGER PRIMARY KEY AUTOINCREMENT NOT NULL, "phone" varchar(255), "other_phone" varchar(255)) [0m
  [4;36;1mSQL (0.5ms)[0m   [0;1m SELECT name
 FROM sqlite_master
 WHERE type = 'table' AND NOT name = 'sqlite_sequence'
[0m
  [4;35;1mSQL (0.4ms)[0m   [0mSELECT version FROM "schema_migrations"[0m
  [4;36;1mPhone Create (5.2ms)[0m   [0;1mINSERT INTO "phones" ("other_phone", "phone") VALUES(NULL, '(123) 456-7890')[0m
  [4;36;1mSQL (1.7ms)[0m   [0;1mselect sqlite_version(*)[0m
  [4;35;1mSQL (0.9ms)[0m   [0m SELECT name
 FROM sqlite_master
 WHERE type = 'table' AND NOT name = 'sqlite_sequence'
[0m
  [4;36;1mSQL (23.1ms)[0m   [0;1mDROP TABLE "phones"[0m
  [4;35;1mSQL (6.0ms)[0m   [0mCREATE TABLE "phones" ("id" INTEGER PRIMARY KEY AUTOINCREMENT NOT NULL, "phone" varchar(255), "other_phone" varchar(255)) [0m
  [4;36;1mSQL (0.5ms)[0m   [0;1m SELECT name
 FROM sqlite_master
 WHERE type = 'table' AND NOT name = 'sqlite_sequence'
[0m
  [4;35;1mSQL (0.4ms)[0m   [0mSELECT version FROM "schema_migrations"[0m
  [4;36;1mSQL (0.9ms)[0m   [0;1mselect sqlite_version(*)[0m
  [4;35;1mSQL (0.9ms)[0m   [0m SELECT name
 FROM sqlite_master
 WHERE type = 'table' AND NOT name = 'sqlite_sequence'
[0m
  [4;36;1mSQL (52.6ms)[0m   [0;1mDROP TABLE "phones"[0m
  [4;35;1mSQL (13.0ms)[0m   [0mCREATE TABLE "phones" ("id" INTEGER PRIMARY KEY AUTOINCREMENT NOT NULL, "phone" varchar(255), "other_phone" varchar(255)) [0m
  [4;36;1mSQL (0.5ms)[0m   [0;1m SELECT name
 FROM sqlite_master
 WHERE type = 'table' AND NOT name = 'sqlite_sequence'
[0m
  [4;35;1mSQL (0.3ms)[0m   [0mSELECT version FROM "schema_migrations"[0m
  [4;36;1mPhone Create (1.5ms)[0m   [0;1mINSERT INTO "phones" ("other_phone", "phone") VALUES(NULL, '(123) 456-7890')[0m
  [4;35;1mPhone Create (0.6ms)[0m   [0mINSERT INTO "phones" ("other_phone", "phone") VALUES(NULL, '((12) 3) -456-')[0m
  [4;36;1mSQL (1.9ms)[0m   [0;1m SELECT name
 FROM sqlite_master
 WHERE type = 'table' AND NOT name = 'sqlite_sequence'
[0m
  [4;35;1mSQL (1.0ms)[0m   [0m SELECT name
 FROM sqlite_master
 WHERE type = 'table' AND NOT name = 'sqlite_sequence'
[0m
  [4;36;1mSQL (1.3ms)[0m   [0;1m SELECT name
 FROM sqlite_master
 WHERE type = 'table' AND NOT name = 'sqlite_sequence'
[0m
  [4;35;1mSQL (1.0ms)[0m   [0m SELECT name
 FROM sqlite_master
 WHERE type = 'table' AND NOT name = 'sqlite_sequence'
[0m
  [4;36;1mSQL (0.8ms)[0m   [0;1mselect sqlite_version(*)[0m
  [4;35;1mSQL (0.8ms)[0m   [0m SELECT name
 FROM sqlite_master
 WHERE type = 'table' AND NOT name = 'sqlite_sequence'
[0m
  [4;36;1mSQL (89.8ms)[0m   [0;1mDROP TABLE "phones"[0m
  [4;35;1mSQL (27.9ms)[0m   [0mCREATE TABLE "phones" ("id" INTEGER PRIMARY KEY AUTOINCREMENT NOT NULL, "phone" varchar(255), "other_phone" varchar(255)) [0m
  [4;36;1mSQL (0.5ms)[0m   [0;1m SELECT name
 FROM sqlite_master
 WHERE type = 'table' AND NOT name = 'sqlite_sequence'
[0m
  [4;35;1mSQL (0.3ms)[0m   [0mSELECT version FROM "schema_migrations"[0m
  [4;36;1mSQL (0.8ms)[0m   [0;1mselect sqlite_version(*)[0m
  [4;35;1mSQL (1.5ms)[0m   [0m SELECT name
 FROM sqlite_master
 WHERE type = 'table' AND NOT name = 'sqlite_sequence'
[0m
  [4;36;1mSQL (36.9ms)[0m   [0;1mDROP TABLE "phones"[0m
  [4;35;1mSQL (5.8ms)[0m   [0mCREATE TABLE "phones" ("id" INTEGER PRIMARY KEY AUTOINCREMENT NOT NULL, "phone" varchar(255), "other_phone" varchar(255)) [0m
  [4;36;1mSQL (0.4ms)[0m   [0;1m SELECT name
 FROM sqlite_master
 WHERE type = 'table' AND NOT name = 'sqlite_sequence'
[0m
  [4;35;1mSQL (0.3ms)[0m   [0mSELECT version FROM "schema_migrations"[0m
  [4;36;1mPhone Create (0.5ms)[0m   [0;1mINSERT INTO "phones" ("other_phone", "phone") VALUES(NULL, '(123) 456-7890')[0m
  [4;35;1mPhone Create (0.2ms)[0m   [0mINSERT INTO "phones" ("other_phone", "phone") VALUES(NULL, '((12) 3) -456-')[0m
  [4;36;1mSQL (2.9ms)[0m   [0;1mselect sqlite_version(*)[0m
  [4;35;1mSQL (0.9ms)[0m   [0m SELECT name
 FROM sqlite_master
 WHERE type = 'table' AND NOT name = 'sqlite_sequence'
[0m
  [4;36;1mSQL (32.2ms)[0m   [0;1mDROP TABLE "phones"[0m
  [4;35;1mSQL (61.5ms)[0m   [0mCREATE TABLE "phones" ("id" INTEGER PRIMARY KEY AUTOINCREMENT NOT NULL, "phone" varchar(255), "other_phone" varchar(255)) [0m
  [4;36;1mSQL (0.6ms)[0m   [0;1m SELECT name
 FROM sqlite_master
 WHERE type = 'table' AND NOT name = 'sqlite_sequence'
[0m
  [4;35;1mSQL (0.0ms)[0m   [0mSELECT version FROM "schema_migrations"[0m
  [4;36;1mPhone Create (0.5ms)[0m   [0;1mINSERT INTO "phones" ("other_phone", "phone") VALUES(NULL, '(###) ###-####')[0m
  [4;35;1mPhone Create (0.2ms)[0m   [0mINSERT INTO "phones" ("other_phone", "phone") VALUES(NULL, '')[0m
  [4;36;1mPhone Create (0.4ms)[0m   [0;1mINSERT INTO "phones" ("other_phone", "phone") VALUES(NULL, '')[0m
  [4;35;1mPhone Create (0.4ms)[0m   [0mINSERT INTO "phones" ("other_phone", "phone") VALUES(NULL, '')[0m
  [4;36;1mPhone Create (0.9ms)[0m   [0;1mINSERT INTO "phones" ("other_phone", "phone") VALUES(NULL, '')[0m
  [4;35;1mPhone Create (0.4ms)[0m   [0mINSERT INTO "phones" ("other_phone", "phone") VALUES(NULL, '')[0m
  [4;36;1mPhone Create (0.4ms)[0m   [0;1mINSERT INTO "phones" ("other_phone", "phone") VALUES(NULL, '')[0m
  [4;35;1mPhone Create (0.2ms)[0m   [0mINSERT INTO "phones" ("other_phone", "phone") VALUES(NULL, '')[0m
  [4;36;1mPhone Create (0.4ms)[0m   [0;1mINSERT INTO "phones" ("other_phone", "phone") VALUES(NULL, '')[0m
  [4;35;1mPhone Create (0.4ms)[0m   [0mINSERT INTO "phones" ("other_phone", "phone") VALUES(NULL, '')[0m
  [4;36;1mPhone Create (0.0ms)[0m   [0;1mINSERT INTO "phones" ("other_phone", "phone") VALUES(NULL, '')[0m
  [4;35;1mPhone Create (0.3ms)[0m   [0mINSERT INTO "phones" ("other_phone", "phone") VALUES(NULL, '')[0m
  [4;36;1mSQL (0.8ms)[0m   [0;1mselect sqlite_version(*)[0m
  [4;35;1mSQL (0.8ms)[0m   [0m SELECT name
 FROM sqlite_master
 WHERE type = 'table' AND NOT name = 'sqlite_sequence'
[0m
  [4;36;1mSQL (43.5ms)[0m   [0;1mDROP TABLE "phones"[0m
  [4;35;1mSQL (15.9ms)[0m   [0mCREATE TABLE "phones" ("id" INTEGER PRIMARY KEY AUTOINCREMENT NOT NULL, "phone" varchar(255), "other_phone" varchar(255)) [0m
  [4;36;1mSQL (0.4ms)[0m   [0;1m SELECT name
 FROM sqlite_master
 WHERE type = 'table' AND NOT name = 'sqlite_sequence'
[0m
  [4;35;1mSQL (0.0ms)[0m   [0mSELECT version FROM "schema_migrations"[0m
  [4;36;1mPhone Create (0.5ms)[0m   [0;1mINSERT INTO "phones" ("other_phone", "phone") VALUES(NULL, '')[0m
  [4;35;1mPhone Create (0.2ms)[0m   [0mINSERT INTO "phones" ("other_phone", "phone") VALUES(NULL, '')[0m
  [4;36;1mPhone Create (0.4ms)[0m   [0;1mINSERT INTO "phones" ("other_phone", "phone") VALUES(NULL, '')[0m
  [4;35;1mPhone Create (0.4ms)[0m   [0mINSERT INTO "phones" ("other_phone", "phone") VALUES(NULL, '')[0m
  [4;36;1mPhone Create (0.2ms)[0m   [0;1mINSERT INTO "phones" ("other_phone", "phone") VALUES(NULL, '')[0m
  [4;35;1mPhone Create (0.3ms)[0m   [0mINSERT INTO "phones" ("other_phone", "phone") VALUES(NULL, '')[0m
  [4;36;1mPhone Create (0.4ms)[0m   [0;1mINSERT INTO "phones" ("other_phone", "phone") VALUES(NULL, '')[0m
  [4;35;1mPhone Create (0.2ms)[0m   [0mINSERT INTO "phones" ("other_phone", "phone") VALUES(NULL, '')[0m
  [4;36;1mPhone Create (0.3ms)[0m   [0;1mINSERT INTO "phones" ("other_phone", "phone") VALUES(NULL, '')[0m
  [4;35;1mPhone Create (1.6ms)[0m   [0mINSERT INTO "phones" ("other_phone", "phone") VALUES(NULL, '')[0m
  [4;36;1mPhone Create (1.1ms)[0m   [0;1mINSERT INTO "phones" ("other_phone", "phone") VALUES(NULL, '')[0m
  [4;35;1mPhone Create (4.5ms)[0m   [0mINSERT INTO "phones" ("other_phone", "phone") VALUES(NULL, '')[0m
  [4;36;1mSQL (0.8ms)[0m   [0;1mselect sqlite_version(*)[0m
  [4;35;1mSQL (0.8ms)[0m   [0m SELECT name
 FROM sqlite_master
 WHERE type = 'table' AND NOT name = 'sqlite_sequence'
[0m
  [4;36;1mSQL (54.3ms)[0m   [0;1mDROP TABLE "phones"[0m
  [4;35;1mSQL (32.3ms)[0m   [0mCREATE TABLE "phones" ("id" INTEGER PRIMARY KEY AUTOINCREMENT NOT NULL, "phone" varchar(255), "other_phone" varchar(255)) [0m
  [4;36;1mSQL (0.5ms)[0m   [0;1m SELECT name
 FROM sqlite_master
 WHERE type = 'table' AND NOT name = 'sqlite_sequence'
[0m
  [4;35;1mSQL (0.4ms)[0m   [0mSELECT version FROM "schema_migrations"[0m
  [4;36;1mPhone Create (2.0ms)[0m   [0;1mINSERT INTO "phones" ("other_phone", "phone") VALUES(NULL, 1)[0m
  [4;36;1mSQL (0.9ms)[0m   [0;1mselect sqlite_version(*)[0m
  [4;35;1mSQL (1.0ms)[0m   [0m SELECT name
 FROM sqlite_master
 WHERE type = 'table' AND NOT name = 'sqlite_sequence'
[0m
  [4;36;1mSQL (55.6ms)[0m   [0;1mDROP TABLE "phones"[0m
  [4;35;1mSQL (57.1ms)[0m   [0mCREATE TABLE "phones" ("id" INTEGER PRIMARY KEY AUTOINCREMENT NOT NULL, "phone" varchar(255), "other_phone" varchar(255)) [0m
  [4;36;1mSQL (0.5ms)[0m   [0;1m SELECT name
 FROM sqlite_master
 WHERE type = 'table' AND NOT name = 'sqlite_sequence'
[0m
  [4;35;1mSQL (0.3ms)[0m   [0mSELECT version FROM "schema_migrations"[0m
  [4;36;1mPhone Create (0.4ms)[0m   [0;1mINSERT INTO "phones" ("other_phone", "phone") VALUES(NULL, '1234567890')[0m
  [4;35;1mPhone Create (0.9ms)[0m   [0mINSERT INTO "phones" ("other_phone", "phone") VALUES(NULL, '1234567890')[0m
  [4;36;1mPhone Create (0.3ms)[0m   [0;1mINSERT INTO "phones" ("other_phone", "phone") VALUES(NULL, '1234567890')[0m
  [4;35;1mPhone Create (1.1ms)[0m   [0mINSERT INTO "phones" ("other_phone", "phone") VALUES(NULL, '1234567890')[0m
  [4;36;1mPhone Create (0.8ms)[0m   [0;1mINSERT INTO "phones" ("other_phone", "phone") VALUES(NULL, '1234567890')[0m
  [4;35;1mPhone Create (0.5ms)[0m   [0mINSERT INTO "phones" ("other_phone", "phone") VALUES(NULL, '1234567890')[0m
  [4;36;1mPhone Create (0.8ms)[0m   [0;1mINSERT INTO "phones" ("other_phone", "phone") VALUES(NULL, '1234567890')[0m
  [4;35;1mPhone Create (1.0ms)[0m   [0mINSERT INTO "phones" ("other_phone", "phone") VALUES(NULL, '1234567890')[0m
  [4;36;1mPhone Create (1.1ms)[0m   [0;1mINSERT INTO "phones" ("other_phone", "phone") VALUES(NULL, '1234567890')[0m
  [4;35;1mPhone Create (1.1ms)[0m   [0mINSERT INTO "phones" ("other_phone", "phone") VALUES(NULL, '1234567890')[0m
  [4;36;1mPhone Create (0.2ms)[0m   [0;1mINSERT INTO "phones" ("other_phone", "phone") VALUES(NULL, '1234567890')[0m
  [4;35;1mPhone Create (0.5ms)[0m   [0mINSERT INTO "phones" ("other_phone", "phone") VALUES(NULL, '1234567890')[0m
  [4;36;1mSQL (0.8ms)[0m   [0;1mselect sqlite_version(*)[0m
  [4;35;1mSQL (0.4ms)[0m   [0m SELECT name
 FROM sqlite_master
 WHERE type = 'table' AND NOT name = 'sqlite_sequence'
[0m
  [4;36;1mSQL (45.2ms)[0m   [0;1mDROP TABLE "phones"[0m
  [4;35;1mSQL (7.8ms)[0m   [0mCREATE TABLE "phones" ("id" INTEGER PRIMARY KEY AUTOINCREMENT NOT NULL, "phone" varchar(255), "other_phone" varchar(255)) [0m
  [4;36;1mSQL (0.5ms)[0m   [0;1m SELECT name
 FROM sqlite_master
 WHERE type = 'table' AND NOT name = 'sqlite_sequence'
[0m
  [4;35;1mSQL (0.0ms)[0m   [0mSELECT version FROM "schema_migrations"[0m
  [4;36;1mPhone Create (0.5ms)[0m   [0;1mINSERT INTO "phones" ("other_phone", "phone") VALUES(NULL, '(123) 456-7890')[0m
  [4;35;1mPhone Create (0.2ms)[0m   [0mINSERT INTO "phones" ("other_phone", "phone") VALUES(NULL, '(123) 456-7890')[0m
  [4;36;1mPhone Create (0.5ms)[0m   [0;1mINSERT INTO "phones" ("other_phone", "phone") VALUES(NULL, '(123) 456-7890')[0m
  [4;35;1mPhone Create (0.4ms)[0m   [0mINSERT INTO "phones" ("other_phone", "phone") VALUES(NULL, '(123) 456-7890')[0m
  [4;36;1mPhone Create (0.2ms)[0m   [0;1mINSERT INTO "phones" ("other_phone", "phone") VALUES(NULL, '(123) 456-7890')[0m
  [4;35;1mPhone Create (0.4ms)[0m   [0mINSERT INTO "phones" ("other_phone", "phone") VALUES(NULL, '(123) 456-7890')[0m
  [4;36;1mPhone Create (1.5ms)[0m   [0;1mINSERT INTO "phones" ("other_phone", "phone") VALUES(NULL, '(123) 456-7890')[0m
  [4;35;1mPhone Create (0.9ms)[0m   [0mINSERT INTO "phones" ("other_phone", "phone") VALUES(NULL, '(123) 456-7890')[0m
  [4;36;1mPhone Create (0.4ms)[0m   [0;1mINSERT INTO "phones" ("other_phone", "phone") VALUES(NULL, '(123) 456-7890')[0m
  [4;35;1mPhone Create (2.5ms)[0m   [0mINSERT INTO "phones" ("other_phone", "phone") VALUES(NULL, '(123) 456-7890')[0m
  [4;36;1mPhone Create (0.2ms)[0m   [0;1mINSERT INTO "phones" ("other_phone", "phone") VALUES(NULL, '(123) 456-7890')[0m
  [4;35;1mPhone Create (0.0ms)[0m   [0mINSERT INTO "phones" ("other_phone", "phone") VALUES(NULL, '(123) 456-7890')[0m
  [4;36;1mSQL (0.8ms)[0m   [0;1mselect sqlite_version(*)[0m
  [4;35;1mSQL (0.9ms)[0m   [0m SELECT name
 FROM sqlite_master
 WHERE type = 'table' AND NOT name = 'sqlite_sequence'
[0m
  [4;36;1mSQL (27.8ms)[0m   [0;1mDROP TABLE "phones"[0m
  [4;35;1mSQL (5.9ms)[0m   [0mCREATE TABLE "phones" ("id" INTEGER PRIMARY KEY AUTOINCREMENT NOT NULL, "phone" varchar(255), "other_phone" varchar(255)) [0m
  [4;36;1mSQL (0.5ms)[0m   [0;1m SELECT name
 FROM sqlite_master
 WHERE type = 'table' AND NOT name = 'sqlite_sequence'
[0m
  [4;35;1mSQL (0.3ms)[0m   [0mSELECT version FROM "schema_migrations"[0m
  [4;36;1mPhone Create (0.5ms)[0m   [0;1mINSERT INTO "phones" ("other_phone", "phone") VALUES('1234-5678', NULL)[0m
  [4;35;1mPhone Create (0.6ms)[0m   [0mINSERT INTO "phones" ("other_phone", "phone") VALUES(NULL, '1234-5678')[0m
  [4;36;1mPhone Create (0.6ms)[0m   [0;1mINSERT INTO "phones" ("other_phone", "phone") VALUES(NULL, '1234-5678')[0m
  [4;35;1mPhone Create (0.8ms)[0m   [0mINSERT INTO "phones" ("other_phone", "phone") VALUES(NULL, '(123) 456-7890')[0m
  [4;36;1mPhone Create (0.2ms)[0m   [0;1mINSERT INTO "phones" ("other_phone", "phone") VALUES(NULL, '(123) 456-7890')[0m
  [4;35;1mPhone Create (0.5ms)[0m   [0mINSERT INTO "phones" ("other_phone", "phone") VALUES(NULL, '(123) 456-7890')[0m
  [4;36;1mPhone Create (1.2ms)[0m   [0;1mINSERT INTO "phones" ("other_phone", "phone") VALUES(NULL, '(123) 456-7890')[0m
  [4;35;1mPhone Create (1.0ms)[0m   [0mINSERT INTO "phones" ("other_phone", "phone") VALUES(NULL, '(123) 456-7890')[0m
  [4;36;1mPhone Create (0.5ms)[0m   [0;1mINSERT INTO "phones" ("other_phone", "phone") VALUES(NULL, '(123) 456-7890')[0m
  [4;35;1mPhone Create (0.4ms)[0m   [0mINSERT INTO "phones" ("other_phone", "phone") VALUES(NULL, '(123) 456-7890')[0m
  [4;36;1mPhone Create (0.2ms)[0m   [0;1mINSERT INTO "phones" ("other_phone", "phone") VALUES(NULL, '(123) 456-7890')[0m
  [4;35;1mPhone Create (0.4ms)[0m   [0mINSERT INTO "phones" ("other_phone", "phone") VALUES(NULL, '(123) 456-7890')[0m
  [4;36;1mPhone Create (1.3ms)[0m   [0;1mINSERT INTO "phones" ("other_phone", "phone") VALUES(NULL, '(123) 456-7890')[0m
  [4;35;1mPhone Create (1.8ms)[0m   [0mINSERT INTO "phones" ("other_phone", "phone") VALUES(NULL, '(123) 456-7890')[0m
  [4;36;1mPhone Create (0.4ms)[0m   [0;1mINSERT INTO "phones" ("other_phone", "phone") VALUES(NULL, '(123) 456-7890')[0m
  [4;36;1mSQL (0.7ms)[0m   [0;1mselect sqlite_version(*)[0m
  [4;35;1mSQL (0.0ms)[0m   [0m SELECT name
 FROM sqlite_master
 WHERE type = 'table' AND NOT name = 'sqlite_sequence'
[0m
  [4;36;1mSQL (79.6ms)[0m   [0;1mDROP TABLE "phones"[0m
  [4;35;1mSQL (28.2ms)[0m   [0mCREATE TABLE "phones" ("id" INTEGER PRIMARY KEY AUTOINCREMENT NOT NULL, "phone" varchar(255), "other_phone" varchar(255)) [0m
  [4;36;1mSQL (0.8ms)[0m   [0;1m SELECT name
 FROM sqlite_master
 WHERE type = 'table' AND NOT name = 'sqlite_sequence'
[0m
  [4;35;1mSQL (0.6ms)[0m   [0mSELECT version FROM "schema_migrations"[0m
  [4;36;1mPhone Create (0.5ms)[0m   [0;1mINSERT INTO "phones" ("other_phone", "phone") VALUES('1234-5678', NULL)[0m
  [4;35;1mPhone Create (0.4ms)[0m   [0mINSERT INTO "phones" ("other_phone", "phone") VALUES(NULL, '1234-5678')[0m
  [4;36;1mPhone Create (0.3ms)[0m   [0;1mINSERT INTO "phones" ("other_phone", "phone") VALUES(NULL, '1234-5678')[0m
  [4;35;1mPhone Create (0.3ms)[0m   [0mINSERT INTO "phones" ("other_phone", "phone") VALUES(NULL, '(123) 456-7890')[0m
  [4;36;1mPhone Create (0.0ms)[0m   [0;1mINSERT INTO "phones" ("other_phone", "phone") VALUES(NULL, '(123) 456-7890')[0m
  [4;35;1mPhone Create (0.0ms)[0m   [0mINSERT INTO "phones" ("other_phone", "phone") VALUES(NULL, '(123) 456-7890')[0m
  [4;36;1mPhone Create (0.3ms)[0m   [0;1mINSERT INTO "phones" ("other_phone", "phone") VALUES(NULL, '(123) 456-7890')[0m
  [4;35;1mPhone Create (0.2ms)[0m   [0mINSERT INTO "phones" ("other_phone", "phone") VALUES(NULL, '(123) 456-7890')[0m
  [4;36;1mPhone Create (0.3ms)[0m   [0;1mINSERT INTO "phones" ("other_phone", "phone") VALUES(NULL, '(123) 456-7890')[0m
  [4;35;1mPhone Create (0.0ms)[0m   [0mINSERT INTO "phones" ("other_phone", "phone") VALUES(NULL, '(123) 456-7890')[0m
  [4;36;1mPhone Create (0.2ms)[0m   [0;1mINSERT INTO "phones" ("other_phone", "phone") VALUES(NULL, '(123) 456-7890')[0m
  [4;35;1mPhone Create (0.2ms)[0m   [0mINSERT INTO "phones" ("other_phone", "phone") VALUES(NULL, '(123) 456-7890')[0m
  [4;36;1mPhone Create (0.5ms)[0m   [0;1mINSERT INTO "phones" ("other_phone", "phone") VALUES(NULL, '(123) 456-7890')[0m
  [4;35;1mPhone Create (0.2ms)[0m   [0mINSERT INTO "phones" ("other_phone", "phone") VALUES(NULL, '(123) 456-7890')[0m
  [4;36;1mPhone Create (0.4ms)[0m   [0;1mINSERT INTO "phones" ("other_phone", "phone") VALUES(NULL, '(123) 456-7890')[0m
  [4;36;1mSQL (1.7ms)[0m   [0;1mselect sqlite_version(*)[0m
  [4;35;1mSQL (0.8ms)[0m   [0m SELECT name
 FROM sqlite_master
 WHERE type = 'table' AND NOT name = 'sqlite_sequence'
[0m
  [4;36;1mSQL (30.6ms)[0m   [0;1mDROP TABLE "phones"[0m
  [4;35;1mSQL (32.6ms)[0m   [0mCREATE TABLE "phones" ("id" INTEGER PRIMARY KEY AUTOINCREMENT NOT NULL, "phone" varchar(255), "other_phone" varchar(255)) [0m
  [4;36;1mSQL (0.6ms)[0m   [0;1m SELECT name
 FROM sqlite_master
 WHERE type = 'table' AND NOT name = 'sqlite_sequence'
[0m
  [4;35;1mSQL (0.4ms)[0m   [0mSELECT version FROM "schema_migrations"[0m
  [4;36;1mPhone Create (4.5ms)[0m   [0;1mINSERT INTO "phones" ("other_phone", "phone") VALUES('1234-5678', NULL)[0m
  [4;35;1mPhone Create (0.8ms)[0m   [0mINSERT INTO "phones" ("other_phone", "phone") VALUES('1234-5678', NULL)[0m
  [4;36;1mPhone Create (1.2ms)[0m   [0;1mINSERT INTO "phones" ("other_phone", "phone") VALUES(NULL, '1234-5678')[0m
  [4;35;1mPhone Create (0.7ms)[0m   [0mINSERT INTO "phones" ("other_phone", "phone") VALUES(NULL, '1234-5678')[0m
  [4;36;1mPhone Create (0.6ms)[0m   [0;1mINSERT INTO "phones" ("other_phone", "phone") VALUES(NULL, '(123) 456-7890')[0m
  [4;35;1mPhone Create (1.3ms)[0m   [0mINSERT INTO "phones" ("other_phone", "phone") VALUES(NULL, '(123) 456-7890')[0m
  [4;36;1mPhone Create (1.2ms)[0m   [0;1mINSERT INTO "phones" ("other_phone", "phone") VALUES(NULL, '(123) 456-7890')[0m
  [4;35;1mPhone Create (0.4ms)[0m   [0mINSERT INTO "phones" ("other_phone", "phone") VALUES(NULL, '(123) 456-7890')[0m
  [4;36;1mPhone Create (0.2ms)[0m   [0;1mINSERT INTO "phones" ("other_phone", "phone") VALUES(NULL, '(123) 456-7890')[0m
  [4;35;1mPhone Create (1.0ms)[0m   [0mINSERT INTO "phones" ("other_phone", "phone") VALUES(NULL, '(123) 456-7890')[0m
  [4;36;1mPhone Create (1.8ms)[0m   [0;1mINSERT INTO "phones" ("other_phone", "phone") VALUES(NULL, '(123) 456-7890')[0m
  [4;35;1mPhone Create (0.2ms)[0m   [0mINSERT INTO "phones" ("other_phone", "phone") VALUES(NULL, '(123) 456-7890')[0m
  [4;36;1mPhone Create (0.4ms)[0m   [0;1mINSERT INTO "phones" ("other_phone", "phone") VALUES(NULL, '(123) 456-7890')[0m
  [4;35;1mPhone Create (1.1ms)[0m   [0mINSERT INTO "phones" ("other_phone", "phone") VALUES(NULL, '(123) 456-7890')[0m
  [4;36;1mPhone Create (0.2ms)[0m   [0;1mINSERT INTO "phones" ("other_phone", "phone") VALUES(NULL, '(123) 456-7890')[0m
  [4;35;1mPhone Create (0.4ms)[0m   [0mINSERT INTO "phones" ("other_phone", "phone") VALUES(NULL, '(123) 456-7890')[0m
  [4;36;1mSQL (0.8ms)[0m   [0;1mselect sqlite_version(*)[0m
  [4;35;1mSQL (0.8ms)[0m   [0m SELECT name
 FROM sqlite_master
 WHERE type = 'table' AND NOT name = 'sqlite_sequence'
[0m
  [4;36;1mSQL (6.2ms)[0m   [0;1mDROP TABLE "phones"[0m
  [4;35;1mSQL (39.7ms)[0m   [0mCREATE TABLE "phones" ("id" INTEGER PRIMARY KEY AUTOINCREMENT NOT NULL, "phone" varchar(255)) [0m
  [4;36;1mSQL (0.5ms)[0m   [0;1m SELECT name
 FROM sqlite_master
 WHERE type = 'table' AND NOT name = 'sqlite_sequence'
[0m
  [4;35;1mSQL (22.5ms)[0m   [0mCREATE TABLE "options_phone" ("id" INTEGER PRIMARY KEY AUTOINCREMENT NOT NULL, "other_phone" varchar(255)) [0m
  [4;36;1mSQL (0.6ms)[0m   [0;1m SELECT name
 FROM sqlite_master
 WHERE type = 'table' AND NOT name = 'sqlite_sequence'
[0m
  [4;35;1mSQL (0.4ms)[0m   [0mSELECT version FROM "schema_migrations"[0m
  [4;36;1mPhone Create (0.7ms)[0m   [0;1mINSERT INTO "phones" ("phone") VALUES('(123) 456-7890')[0m
  [4;35;1mPhone Create (0.2ms)[0m   [0mINSERT INTO "phones" ("phone") VALUES('(123) 456-7890')[0m
  [4;36;1mPhone Create (0.6ms)[0m   [0;1mINSERT INTO "phones" ("phone") VALUES('(123) 456-7890')[0m
  [4;35;1mPhone Create (0.4ms)[0m   [0mINSERT INTO "phones" ("phone") VALUES('(123) 456-7890')[0m
  [4;36;1mPhone Create (0.2ms)[0m   [0;1mINSERT INTO "phones" ("phone") VALUES('(123) 456-7890')[0m
  [4;35;1mPhone Create (0.4ms)[0m   [0mINSERT INTO "phones" ("phone") VALUES('(123) 456-7890')[0m
  [4;36;1mPhone Create (0.7ms)[0m   [0;1mINSERT INTO "phones" ("phone") VALUES('(123) 456-7890')[0m
  [4;35;1mPhone Create (0.3ms)[0m   [0mINSERT INTO "phones" ("phone") VALUES('(123) 456-7890')[0m
  [4;36;1mPhone Create (0.6ms)[0m   [0;1mINSERT INTO "phones" ("phone") VALUES('(123) 456-7890')[0m
  [4;35;1mPhone Create (0.5ms)[0m   [0mINSERT INTO "phones" ("phone") VALUES('(123) 456-7890')[0m
  [4;36;1mPhone Create (0.0ms)[0m   [0;1mINSERT INTO "phones" ("phone") VALUES('(123) 456-7890')[0m
  [4;35;1mPhone Create (0.7ms)[0m   [0mINSERT INTO "phones" ("phone") VALUES('(123) 456-7890')[0m
  [4;36;1mSQL (0.8ms)[0m   [0;1mselect sqlite_version(*)[0m
  [4;35;1mSQL (0.9ms)[0m   [0m SELECT name
 FROM sqlite_master
 WHERE type = 'table' AND NOT name = 'sqlite_sequence'
[0m
  [4;36;1mSQL (6.3ms)[0m   [0;1mDROP TABLE "phones"[0m
  [4;35;1mSQL (5.6ms)[0m   [0mCREATE TABLE "phones" ("id" INTEGER PRIMARY KEY AUTOINCREMENT NOT NULL, "phone" varchar(255)) [0m
  [4;36;1mSQL (0.5ms)[0m   [0;1m SELECT name
 FROM sqlite_master
 WHERE type = 'table' AND NOT name = 'sqlite_sequence'
[0m
  [4;35;1mSQL (11.1ms)[0m   [0mDROP TABLE "options_phone"[0m
  [4;36;1mSQL (7.2ms)[0m   [0;1mCREATE TABLE "options_phone" ("id" INTEGER PRIMARY KEY AUTOINCREMENT NOT NULL, "other_phone" varchar(255)) [0m
  [4;35;1mSQL (0.0ms)[0m   [0m SELECT name
 FROM sqlite_master
 WHERE type = 'table' AND NOT name = 'sqlite_sequence'
[0m
  [4;36;1mSQL (0.0ms)[0m   [0;1mSELECT version FROM "schema_migrations"[0m
  [4;35;1mPhone Create (0.5ms)[0m   [0mINSERT INTO "phones" ("phone") VALUES('(123) 456-7890')[0m
  [4;36;1mPhone Create (0.2ms)[0m   [0;1mINSERT INTO "phones" ("phone") VALUES('(123) 456-7890')[0m
  [4;35;1mPhone Create (0.5ms)[0m   [0mINSERT INTO "phones" ("phone") VALUES('(123) 456-7890')[0m
  [4;36;1mPhone Create (0.5ms)[0m   [0;1mINSERT INTO "phones" ("phone") VALUES('(123) 456-7890')[0m
  [4;35;1mPhone Create (0.3ms)[0m   [0mINSERT INTO "phones" ("phone") VALUES('(123) 456-7890')[0m
  [4;36;1mPhone Create (0.6ms)[0m   [0;1mINSERT INTO "phones" ("phone") VALUES('(123) 456-7890')[0m
  [4;35;1mPhone Create (0.4ms)[0m   [0mINSERT INTO "phones" ("phone") VALUES('(123) 456-7890')[0m
  [4;36;1mPhone Create (0.2ms)[0m   [0;1mINSERT INTO "phones" ("phone") VALUES('(123) 456-7890')[0m
  [4;35;1mPhone Create (0.3ms)[0m   [0mINSERT INTO "phones" ("phone") VALUES('(123) 456-7890')[0m
  [4;36;1mPhone Create (0.3ms)[0m   [0;1mINSERT INTO "phones" ("phone") VALUES('(123) 456-7890')[0m
  [4;35;1mPhone Create (0.2ms)[0m   [0mINSERT INTO "phones" ("phone") VALUES('(123) 456-7890')[0m
  [4;36;1mPhone Create (0.4ms)[0m   [0;1mINSERT INTO "phones" ("phone") VALUES('(123) 456-7890')[0m
  [4;36;1mSQL (0.8ms)[0m   [0;1mselect sqlite_version(*)[0m
  [4;35;1mSQL (0.9ms)[0m   [0m SELECT name
 FROM sqlite_master
 WHERE type = 'table' AND NOT name = 'sqlite_sequence'
[0m
  [4;36;1mSQL (13.0ms)[0m   [0;1mDROP TABLE "phones"[0m
  [4;35;1mSQL (6.3ms)[0m   [0mCREATE TABLE "phones" ("id" INTEGER PRIMARY KEY AUTOINCREMENT NOT NULL, "phone" varchar(255)) [0m
  [4;36;1mSQL (0.6ms)[0m   [0;1m SELECT name
 FROM sqlite_master
 WHERE type = 'table' AND NOT name = 'sqlite_sequence'
[0m
  [4;35;1mSQL (53.5ms)[0m   [0mCREATE TABLE "options_phones" ("id" INTEGER PRIMARY KEY AUTOINCREMENT NOT NULL, "other_phone" varchar(255)) [0m
  [4;36;1mSQL (0.7ms)[0m   [0;1m SELECT name
 FROM sqlite_master
 WHERE type = 'table' AND NOT name = 'sqlite_sequence'
[0m
  [4;35;1mSQL (0.4ms)[0m   [0mSELECT version FROM "schema_migrations"[0m
  [4;36;1mPhone Create (0.5ms)[0m   [0;1mINSERT INTO "phones" ("phone") VALUES('(123) 456-7890')[0m
  [4;35;1mPhone Create (0.9ms)[0m   [0mINSERT INTO "phones" ("phone") VALUES('(123) 456-7890')[0m
  [4;36;1mPhone Create (0.4ms)[0m   [0;1mINSERT INTO "phones" ("phone") VALUES('(123) 456-7890')[0m
  [4;35;1mPhone Create (1.5ms)[0m   [0mINSERT INTO "phones" ("phone") VALUES('(123) 456-7890')[0m
  [4;36;1mPhone Create (0.3ms)[0m   [0;1mINSERT INTO "phones" ("phone") VALUES('(123) 456-7890')[0m
  [4;35;1mPhone Create (0.4ms)[0m   [0mINSERT INTO "phones" ("phone") VALUES('(123) 456-7890')[0m
  [4;36;1mPhone Create (1.0ms)[0m   [0;1mINSERT INTO "phones" ("phone") VALUES('(123) 456-7890')[0m
  [4;35;1mPhone Create (0.2ms)[0m   [0mINSERT INTO "phones" ("phone") VALUES('(123) 456-7890')[0m
  [4;36;1mPhone Create (0.4ms)[0m   [0;1mINSERT INTO "phones" ("phone") VALUES('(123) 456-7890')[0m
  [4;35;1mPhone Create (0.7ms)[0m   [0mINSERT INTO "phones" ("phone") VALUES('(123) 456-7890')[0m
  [4;36;1mPhone Create (0.3ms)[0m   [0;1mINSERT INTO "phones" ("phone") VALUES('(123) 456-7890')[0m
  [4;35;1mPhone Create (0.7ms)[0m   [0mINSERT INTO "phones" ("phone") VALUES('(123) 456-7890')[0m
  [4;36;1mSQL (1.6ms)[0m   [0;1mselect sqlite_version(*)[0m
  [4;35;1mSQL (1.0ms)[0m   [0m SELECT name
 FROM sqlite_master
 WHERE type = 'table' AND NOT name = 'sqlite_sequence'
[0m
  [4;36;1mSQL (29.7ms)[0m   [0;1mDROP TABLE "phones"[0m
  [4;35;1mSQL (58.7ms)[0m   [0mCREATE TABLE "phones" ("id" INTEGER PRIMARY KEY AUTOINCREMENT NOT NULL, "phone" varchar(255)) [0m
  [4;36;1mSQL (0.7ms)[0m   [0;1m SELECT name
 FROM sqlite_master
 WHERE type = 'table' AND NOT name = 'sqlite_sequence'
[0m
  [4;35;1mSQL (30.2ms)[0m   [0mDROP TABLE "options_phones"[0m
  [4;36;1mSQL (79.4ms)[0m   [0;1mCREATE TABLE "options_phones" ("id" INTEGER PRIMARY KEY AUTOINCREMENT NOT NULL, "other_phone" varchar(255)) [0m
  [4;35;1mSQL (0.7ms)[0m   [0m SELECT name
 FROM sqlite_master
 WHERE type = 'table' AND NOT name = 'sqlite_sequence'
[0m
  [4;36;1mSQL (0.4ms)[0m   [0;1mSELECT version FROM "schema_migrations"[0m
  [4;35;1mOptionsPhone Create (0.5ms)[0m   [0mINSERT INTO "options_phones" ("other_phone") VALUES('1234-5678')[0m
  [4;36;1mOptionsPhone Create (0.3ms)[0m   [0;1mINSERT INTO "options_phones" ("other_phone") VALUES('1234-5678')[0m
  [4;35;1mOptionsPhone Create (0.5ms)[0m   [0mINSERT INTO "options_phones" ("other_phone") VALUES('1234-5678')[0m
  [4;36;1mOptionsPhone Create (0.4ms)[0m   [0;1mINSERT INTO "options_phones" ("other_phone") VALUES('1234-5678')[0m
  [4;35;1mPhone Create (0.3ms)[0m   [0mINSERT INTO "phones" ("phone") VALUES('(123) 456-7890')[0m
  [4;36;1mPhone Create (24.5ms)[0m   [0;1mINSERT INTO "phones" ("phone") VALUES('(123) 456-7890')[0m
  [4;35;1mPhone Create (2.5ms)[0m   [0mINSERT INTO "phones" ("phone") VALUES('(123) 456-7890')[0m
  [4;36;1mPhone Create (0.6ms)[0m   [0;1mINSERT INTO "phones" ("phone") VALUES('(123) 456-7890')[0m
  [4;35;1mPhone Create (0.2ms)[0m   [0mINSERT INTO "phones" ("phone") VALUES('(123) 456-7890')[0m
  [4;36;1mPhone Create (0.5ms)[0m   [0;1mINSERT INTO "phones" ("phone") VALUES('(123) 456-7890')[0m
  [4;35;1mPhone Create (0.0ms)[0m   [0mINSERT INTO "phones" ("phone") VALUES('(123) 456-7890')[0m
  [4;36;1mPhone Create (0.2ms)[0m   [0;1mINSERT INTO "phones" ("phone") VALUES('(123) 456-7890')[0m
  [4;35;1mPhone Create (0.4ms)[0m   [0mINSERT INTO "phones" ("phone") VALUES('(123) 456-7890')[0m
  [4;36;1mPhone Create (0.3ms)[0m   [0;1mINSERT INTO "phones" ("phone") VALUES('(123) 456-7890')[0m
  [4;35;1mPhone Create (0.2ms)[0m   [0mINSERT INTO "phones" ("phone") VALUES('(123) 456-7890')[0m
  [4;36;1mPhone Create (0.3ms)[0m   [0;1mINSERT INTO "phones" ("phone") VALUES('(123) 456-7890')[0m
  [4;36;1mSQL (0.8ms)[0m   [0;1mselect sqlite_version(*)[0m
  [4;35;1mSQL (1.0ms)[0m   [0m SELECT name
 FROM sqlite_master
 WHERE type = 'table' AND NOT name = 'sqlite_sequence'
[0m
  [4;36;1mSQL (7.2ms)[0m   [0;1mDROP TABLE "phones"[0m
  [4;35;1mSQL (5.9ms)[0m   [0mCREATE TABLE "phones" ("id" INTEGER PRIMARY KEY AUTOINCREMENT NOT NULL, "phone" varchar(255)) [0m
  [4;36;1mSQL (1.4ms)[0m   [0;1m SELECT name
 FROM sqlite_master
 WHERE type = 'table' AND NOT name = 'sqlite_sequence'
[0m
  [4;35;1mSQL (6.3ms)[0m   [0mDROP TABLE "options_phones"[0m
  [4;36;1mSQL (6.4ms)[0m   [0;1mCREATE TABLE "options_phones" ("id" INTEGER PRIMARY KEY AUTOINCREMENT NOT NULL, "other_phone" varchar(255)) [0m
  [4;35;1mSQL (0.1ms)[0m   [0m SELECT name
 FROM sqlite_master
 WHERE type = 'table' AND NOT name = 'sqlite_sequence'
[0m
  [4;36;1mSQL (0.3ms)[0m   [0;1mSELECT version FROM "schema_migrations"[0m
  [4;35;1mPhone Create (1.1ms)[0m   [0mINSERT INTO "phones" ("phone") VALUES('01234567890')[0m
  [4;36;1mPhone Create (0.3ms)[0m   [0;1mINSERT INTO "phones" ("phone") VALUES('12-456-7890')[0m
  [4;35;1mPhone Create (0.4ms)[0m   [0mINSERT INTO "phones" ("phone") VALUES('(123) 456-8')[0m
  [4;36;1mPhone Create (0.3ms)[0m   [0;1mINSERT INTO "phones" ("phone") VALUES('o1123.456-7890')[0m
  [4;35;1mPhone Create (0.0ms)[0m   [0mINSERT INTO "phones" ("phone") VALUES('1234567890')[0m
  [4;36;1mPhone Create (0.2ms)[0m   [0;1mINSERT INTO "phones" ("phone") VALUES('1234567890')[0m
  [4;35;1mPhone Create (0.5ms)[0m   [0mINSERT INTO "phones" ("phone") VALUES('1234567890')[0m
  [4;36;1mPhone Create (0.5ms)[0m   [0;1mINSERT INTO "phones" ("phone") VALUES('123-456-7890')[0m
  [4;35;1mPhone Create (0.2ms)[0m   [0mINSERT INTO "phones" ("phone") VALUES('123-456-7890')[0m
  [4;36;1mPhone Create (43.2ms)[0m   [0;1mINSERT INTO "phones" ("phone") VALUES('123-456-7890')[0m
  [4;35;1mPhone Create (0.5ms)[0m   [0mINSERT INTO "phones" ("phone") VALUES('(123) 456-7890')[0m
  [4;36;1mPhone Create (0.2ms)[0m   [0;1mINSERT INTO "phones" ("phone") VALUES('(123) 456-7890')[0m
  [4;35;1mPhone Create (0.7ms)[0m   [0mINSERT INTO "phones" ("phone") VALUES('(123) 456-7890')[0m
  [4;36;1mPhone Create (0.4ms)[0m   [0;1mINSERT INTO "phones" ("phone") VALUES('o123.456-7890')[0m
  [4;35;1mPhone Create (0.2ms)[0m   [0mINSERT INTO "phones" ("phone") VALUES('o123.456-7890')[0m
  [4;36;1mPhone Create (0.4ms)[0m   [0;1mINSERT INTO "phones" ("phone") VALUES('o123.456-7890')[0m
  [4;36;1mSQL (0.8ms)[0m   [0;1mselect sqlite_version(*)[0m
  [4;35;1mSQL (1.1ms)[0m   [0m SELECT name
 FROM sqlite_master
 WHERE type = 'table' AND NOT name = 'sqlite_sequence'
[0m
  [4;36;1mSQL (22.5ms)[0m   [0;1mDROP TABLE "phones"[0m
  [4;35;1mSQL (5.6ms)[0m   [0mCREATE TABLE "phones" ("id" INTEGER PRIMARY KEY AUTOINCREMENT NOT NULL, "phone" varchar(255)) [0m
  [4;36;1mSQL (2.0ms)[0m   [0;1m SELECT name
 FROM sqlite_master
 WHERE type = 'table' AND NOT name = 'sqlite_sequence'
[0m
  [4;35;1mSQL (21.2ms)[0m   [0mDROP TABLE "options_phones"[0m
  [4;36;1mSQL (10.5ms)[0m   [0;1mCREATE TABLE "options_phones" ("id" INTEGER PRIMARY KEY AUTOINCREMENT NOT NULL, "other_phone" varchar(255)) [0m
  [4;35;1mSQL (0.6ms)[0m   [0m SELECT name
 FROM sqlite_master
 WHERE type = 'table' AND NOT name = 'sqlite_sequence'
[0m
  [4;36;1mSQL (0.3ms)[0m   [0;1mSELECT version FROM "schema_migrations"[0m
  [4;35;1mPhone Create (0.4ms)[0m   [0mINSERT INTO "phones" ("phone") VALUES('01234567890')[0m
  [4;36;1mPhone Create (0.3ms)[0m   [0;1mINSERT INTO "phones" ("phone") VALUES('12-456-7890')[0m
  [4;35;1mPhone Create (0.4ms)[0m   [0mINSERT INTO "phones" ("phone") VALUES('(123) 456-8')[0m
  [4;36;1mPhone Create (0.0ms)[0m   [0;1mINSERT INTO "phones" ("phone") VALUES('o1123.456-7890')[0m
  [4;35;1mOptionsPhone Create (0.4ms)[0m   [0mINSERT INTO "options_phones" ("other_phone") VALUES('1234-5678')[0m
  [4;36;1mOptionsPhone Create (0.3ms)[0m   [0;1mINSERT INTO "options_phones" ("other_phone") VALUES('1234-5678')[0m
  [4;35;1mOptionsPhone Create (0.9ms)[0m   [0mINSERT INTO "options_phones" ("other_phone") VALUES('1234-5678')[0m
  [4;36;1mOptionsPhone Create (0.4ms)[0m   [0;1mINSERT INTO "options_phones" ("other_phone") VALUES('1234-5678')[0m
  [4;35;1mPhone Create (0.4ms)[0m   [0mINSERT INTO "phones" ("phone") VALUES('1234567890')[0m
  [4;36;1mPhone Create (0.2ms)[0m   [0;1mINSERT INTO "phones" ("phone") VALUES('1234567890')[0m
  [4;35;1mPhone Create (0.3ms)[0m   [0mINSERT INTO "phones" ("phone") VALUES('1234567890')[0m
  [4;36;1mPhone Create (0.3ms)[0m   [0;1mINSERT INTO "phones" ("phone") VALUES('123-456-7890')[0m
  [4;35;1mPhone Create (0.1ms)[0m   [0mINSERT INTO "phones" ("phone") VALUES('123-456-7890')[0m
  [4;36;1mPhone Create (0.4ms)[0m   [0;1mINSERT INTO "phones" ("phone") VALUES('123-456-7890')[0m
  [4;35;1mPhone Create (0.4ms)[0m   [0mINSERT INTO "phones" ("phone") VALUES('(123) 456-7890')[0m
  [4;36;1mPhone Create (0.2ms)[0m   [0;1mINSERT INTO "phones" ("phone") VALUES('(123) 456-7890')[0m
  [4;35;1mPhone Create (0.4ms)[0m   [0mINSERT INTO "phones" ("phone") VALUES('(123) 456-7890')[0m
  [4;36;1mPhone Create (0.4ms)[0m   [0;1mINSERT INTO "phones" ("phone") VALUES('o123.456-7890')[0m
  [4;35;1mPhone Create (0.8ms)[0m   [0mINSERT INTO "phones" ("phone") VALUES('o123.456-7890')[0m
  [4;36;1mPhone Create (0.4ms)[0m   [0;1mINSERT INTO "phones" ("phone") VALUES('o123.456-7890')[0m
  [4;36;1mSQL (1.7ms)[0m   [0;1mselect sqlite_version(*)[0m
  [4;35;1mSQL (1.0ms)[0m   [0m SELECT name
 FROM sqlite_master
 WHERE type = 'table' AND NOT name = 'sqlite_sequence'
[0m
  [4;36;1mSQL (52.4ms)[0m   [0;1mDROP TABLE "phones"[0m
  [4;35;1mSQL (10.8ms)[0m   [0mCREATE TABLE "phones" ("id" INTEGER PRIMARY KEY AUTOINCREMENT NOT NULL, "phone" varchar(255)) [0m
  [4;36;1mSQL (0.1ms)[0m   [0;1m SELECT name
 FROM sqlite_master
 WHERE type = 'table' AND NOT name = 'sqlite_sequence'
[0m
  [4;35;1mSQL (61.8ms)[0m   [0mDROP TABLE "options_phones"[0m
  [4;36;1mSQL (48.5ms)[0m   [0;1mCREATE TABLE "options_phones" ("id" INTEGER PRIMARY KEY AUTOINCREMENT NOT NULL, "other_phone" varchar(255)) [0m
  [4;35;1mSQL (0.7ms)[0m   [0m SELECT name
 FROM sqlite_master
 WHERE type = 'table' AND NOT name = 'sqlite_sequence'
[0m
  [4;36;1mSQL (0.3ms)[0m   [0;1mSELECT version FROM "schema_migrations"[0m
  [4;35;1mPhone Create (1.4ms)[0m   [0mINSERT INTO "phones" ("phone") VALUES('01234567890')[0m
  [4;36;1mPhone Create (0.5ms)[0m   [0;1mINSERT INTO "phones" ("phone") VALUES('12-456-7890')[0m
  [4;35;1mPhone Create (0.4ms)[0m   [0mINSERT INTO "phones" ("phone") VALUES('(123) 456-8')[0m
  [4;36;1mPhone Create (2.4ms)[0m   [0;1mINSERT INTO "phones" ("phone") VALUES('o1123.456-7890')[0m
  [4;35;1mOptionsPhone Create (0.5ms)[0m   [0mINSERT INTO "options_phones" ("other_phone") VALUES('1234-5678')[0m
  [4;36;1mOptionsPhone Create (1.3ms)[0m   [0;1mINSERT INTO "options_phones" ("other_phone") VALUES('1234-5678')[0m
  [4;35;1mOptionsPhone Create (0.4ms)[0m   [0mINSERT INTO "options_phones" ("other_phone") VALUES('1234-5678')[0m
  [4;36;1mOptionsPhone Create (0.7ms)[0m   [0;1mINSERT INTO "options_phones" ("other_phone") VALUES('1234-5678')[0m
  [4;35;1mPhone Create (0.4ms)[0m   [0mINSERT INTO "phones" ("phone") VALUES('1234567890')[0m
  [4;36;1mPhone Create (0.1ms)[0m   [0;1mINSERT INTO "phones" ("phone") VALUES('1234567890')[0m
  [4;35;1mPhone Create (1.0ms)[0m   [0mINSERT INTO "phones" ("phone") VALUES('1234567890')[0m
  [4;36;1mPhone Create (0.4ms)[0m   [0;1mINSERT INTO "phones" ("phone") VALUES('123-456-7890')[0m
  [4;35;1mPhone Create (0.2ms)[0m   [0mINSERT INTO "phones" ("phone") VALUES('123-456-7890')[0m
  [4;36;1mPhone Create (0.3ms)[0m   [0;1mINSERT INTO "phones" ("phone") VALUES('123-456-7890')[0m
  [4;35;1mPhone Create (0.3ms)[0m   [0mINSERT INTO "phones" ("phone") VALUES('(123) 456-7890')[0m
  [4;36;1mPhone Create (0.1ms)[0m   [0;1mINSERT INTO "phones" ("phone") VALUES('(123) 456-7890')[0m
  [4;35;1mPhone Create (0.3ms)[0m   [0mINSERT INTO "phones" ("phone") VALUES('(123) 456-7890')[0m
  [4;36;1mPhone Create (0.4ms)[0m   [0;1mINSERT INTO "phones" ("phone") VALUES('o123.456-7890')[0m
  [4;35;1mPhone Create (0.1ms)[0m   [0mINSERT INTO "phones" ("phone") VALUES('o123.456-7890')[0m
  [4;36;1mPhone Create (0.3ms)[0m   [0;1mINSERT INTO "phones" ("phone") VALUES('o123.456-7890')[0m
  [4;36;1mSQL (0.8ms)[0m   [0;1mselect sqlite_version(*)[0m
  [4;35;1mSQL (0.1ms)[0m   [0m SELECT name
 FROM sqlite_master
 WHERE type = 'table' AND NOT name = 'sqlite_sequence'
[0m
  [4;36;1mSQL (20.4ms)[0m   [0;1mDROP TABLE "phones"[0m
  [4;35;1mSQL (18.6ms)[0m   [0mCREATE TABLE "phones" ("id" INTEGER PRIMARY KEY AUTOINCREMENT NOT NULL, "phone" varchar(255)) [0m
  [4;36;1mSQL (0.7ms)[0m   [0;1m SELECT name
 FROM sqlite_master
 WHERE type = 'table' AND NOT name = 'sqlite_sequence'
[0m
  [4;35;1mSQL (6.4ms)[0m   [0mDROP TABLE "options_phones"[0m
  [4;36;1mSQL (7.3ms)[0m   [0;1mCREATE TABLE "options_phones" ("id" INTEGER PRIMARY KEY AUTOINCREMENT NOT NULL, "other_phone" varchar(255)) [0m
  [4;35;1mSQL (0.7ms)[0m   [0m SELECT name
 FROM sqlite_master
 WHERE type = 'table' AND NOT name = 'sqlite_sequence'
[0m
  [4;36;1mSQL (0.3ms)[0m   [0;1mSELECT version FROM "schema_migrations"[0m
  [4;35;1mOptionsPhone Create (0.5ms)[0m   [0mINSERT INTO "options_phones" ("other_phone") VALUES('1234-5678')[0m
  [4;36;1mOptionsPhone Create (0.5ms)[0m   [0;1mINSERT INTO "options_phones" ("other_phone") VALUES('1234-5678')[0m
  [4;35;1mOptionsPhone Create (0.8ms)[0m   [0mINSERT INTO "options_phones" ("other_phone") VALUES('1234-5678')[0m
  [4;36;1mOptionsPhone Create (0.7ms)[0m   [0;1mINSERT INTO "options_phones" ("other_phone") VALUES('1234-5678')[0m
  [4;35;1mPhone Create (0.6ms)[0m   [0mINSERT INTO "phones" ("phone") VALUES('(123) 456-7890')[0m
  [4;36;1mPhone Create (0.2ms)[0m   [0;1mINSERT INTO "phones" ("phone") VALUES('(123) 456-7890')[0m
  [4;35;1mPhone Create (0.4ms)[0m   [0mINSERT INTO "phones" ("phone") VALUES('(123) 456-7890')[0m
  [4;36;1mPhone Create (0.3ms)[0m   [0;1mINSERT INTO "phones" ("phone") VALUES('(123) 456-7890')[0m
  [4;35;1mPhone Create (0.2ms)[0m   [0mINSERT INTO "phones" ("phone") VALUES('(123) 456-7890')[0m
  [4;36;1mPhone Create (0.4ms)[0m   [0;1mINSERT INTO "phones" ("phone") VALUES('(123) 456-7890')[0m
  [4;35;1mPhone Create (0.4ms)[0m   [0mINSERT INTO "phones" ("phone") VALUES('(123) 456-7890')[0m
  [4;36;1mPhone Create (0.2ms)[0m   [0;1mINSERT INTO "phones" ("phone") VALUES('(123) 456-7890')[0m
  [4;35;1mPhone Create (0.3ms)[0m   [0mINSERT INTO "phones" ("phone") VALUES('(123) 456-7890')[0m
  [4;36;1mPhone Create (0.3ms)[0m   [0;1mINSERT INTO "phones" ("phone") VALUES('(123) 456-7890')[0m
  [4;35;1mPhone Create (0.2ms)[0m   [0mINSERT INTO "phones" ("phone") VALUES('(123) 456-7890')[0m
  [4;36;1mPhone Create (0.3ms)[0m   [0;1mINSERT INTO "phones" ("phone") VALUES('(123) 456-7890')[0m
  [4;36;1mSQL (2.2ms)[0m   [0;1mselect sqlite_version(*)[0m
  [4;35;1mSQL (1.0ms)[0m   [0m SELECT name
 FROM sqlite_master
 WHERE type = 'table' AND NOT name = 'sqlite_sequence'
[0m
  [4;36;1mSQL (30.0ms)[0m   [0;1mDROP TABLE "phones"[0m
  [4;35;1mSQL (5.6ms)[0m   [0mCREATE TABLE "phones" ("id" INTEGER PRIMARY KEY AUTOINCREMENT NOT NULL, "phone" varchar(255)) [0m
  [4;36;1mSQL (0.6ms)[0m   [0;1m SELECT name
 FROM sqlite_master
 WHERE type = 'table' AND NOT name = 'sqlite_sequence'
[0m
  [4;35;1mSQL (6.7ms)[0m   [0mDROP TABLE "options_phones"[0m
  [4;36;1mSQL (12.4ms)[0m   [0;1mCREATE TABLE "options_phones" ("id" INTEGER PRIMARY KEY AUTOINCREMENT NOT NULL, "other_phone" varchar(255)) [0m
  [4;35;1mSQL (0.8ms)[0m   [0m SELECT name
 FROM sqlite_master
 WHERE type = 'table' AND NOT name = 'sqlite_sequence'
[0m
  [4;36;1mSQL (0.4ms)[0m   [0;1mSELECT version FROM "schema_migrations"[0m
  [4;35;1mOptionsPhone Create (0.5ms)[0m   [0mINSERT INTO "options_phones" ("other_phone") VALUES('1234-5678')[0m
  [4;36;1mOptionsPhone Create (0.5ms)[0m   [0;1mINSERT INTO "options_phones" ("other_phone") VALUES('1234-5678')[0m
  [4;35;1mOptionsPhone Create (0.7ms)[0m   [0mINSERT INTO "options_phones" ("other_phone") VALUES('1234-5678')[0m
  [4;36;1mOptionsPhone Create (0.5ms)[0m   [0;1mINSERT INTO "options_phones" ("other_phone") VALUES('1234-5678')[0m
  [4;35;1mPhone Create (0.5ms)[0m   [0mINSERT INTO "phones" ("phone") VALUES('(123) 456-7890')[0m
  [4;36;1mPhone Create (0.2ms)[0m   [0;1mINSERT INTO "phones" ("phone") VALUES('(123) 456-7890')[0m
  [4;35;1mPhone Create (0.4ms)[0m   [0mINSERT INTO "phones" ("phone") VALUES('(123) 456-7890')[0m
  [4;36;1mPhone Create (0.4ms)[0m   [0;1mINSERT INTO "phones" ("phone") VALUES('(123) 456-7890')[0m
  [4;35;1mPhone Create (0.2ms)[0m   [0mINSERT INTO "phones" ("phone") VALUES('(123) 456-7890')[0m
  [4;36;1mPhone Create (0.4ms)[0m   [0;1mINSERT INTO "phones" ("phone") VALUES('(123) 456-7890')[0m
  [4;35;1mPhone Create (0.7ms)[0m   [0mINSERT INTO "phones" ("phone") VALUES('(123) 456-7890')[0m
  [4;36;1mPhone Create (0.9ms)[0m   [0;1mINSERT INTO "phones" ("phone") VALUES('(123) 456-7890')[0m
  [4;35;1mPhone Create (0.4ms)[0m   [0mINSERT INTO "phones" ("phone") VALUES('(123) 456-7890')[0m
  [4;36;1mPhone Create (0.3ms)[0m   [0;1mINSERT INTO "phones" ("phone") VALUES('(123) 456-7890')[0m
  [4;35;1mPhone Create (0.2ms)[0m   [0mINSERT INTO "phones" ("phone") VALUES('(123) 456-7890')[0m
  [4;36;1mPhone Create (0.1ms)[0m   [0;1mINSERT INTO "phones" ("phone") VALUES('(123) 456-7890')[0m
  [4;36;1mSQL (0.8ms)[0m   [0;1mselect sqlite_version(*)[0m
  [4;35;1mSQL (1.1ms)[0m   [0m SELECT name
 FROM sqlite_master
 WHERE type = 'table' AND NOT name = 'sqlite_sequence'
[0m
  [4;36;1mSQL (44.7ms)[0m   [0;1mDROP TABLE "phones"[0m
  [4;35;1mSQL (5.5ms)[0m   [0mCREATE TABLE "phones" ("id" INTEGER PRIMARY KEY AUTOINCREMENT NOT NULL, "phone" varchar(255)) [0m
  [4;36;1mSQL (0.7ms)[0m   [0;1m SELECT name
 FROM sqlite_master
 WHERE type = 'table' AND NOT name = 'sqlite_sequence'
[0m
  [4;35;1mSQL (11.1ms)[0m   [0mDROP TABLE "options_phones"[0m
  [4;36;1mSQL (5.8ms)[0m   [0;1mCREATE TABLE "options_phones" ("id" INTEGER PRIMARY KEY AUTOINCREMENT NOT NULL, "other_phone" varchar(255)) [0m
  [4;35;1mSQL (0.2ms)[0m   [0m SELECT name
 FROM sqlite_master
 WHERE type = 'table' AND NOT name = 'sqlite_sequence'
[0m
  [4;36;1mSQL (0.4ms)[0m   [0;1mSELECT version FROM "schema_migrations"[0m
  [4;35;1mOptionsPhone Create (0.4ms)[0m   [0mINSERT INTO "options_phones" ("other_phone") VALUES('1234-5678')[0m
  [4;36;1mOptionsPhone Create (0.3ms)[0m   [0;1mINSERT INTO "options_phones" ("other_phone") VALUES('1234-5678')[0m
  [4;35;1mOptionsPhone Create (0.4ms)[0m   [0mINSERT INTO "options_phones" ("other_phone") VALUES('1234-5678')[0m
  [4;36;1mOptionsPhone Create (0.4ms)[0m   [0;1mINSERT INTO "options_phones" ("other_phone") VALUES('1234-5678')[0m
  [4;35;1mPhone Create (0.4ms)[0m   [0mINSERT INTO "phones" ("phone") VALUES('(123) 456-7890')[0m
  [4;36;1mPhone Create (0.2ms)[0m   [0;1mINSERT INTO "phones" ("phone") VALUES('(123) 456-7890')[0m
  [4;35;1mPhone Create (0.4ms)[0m   [0mINSERT INTO "phones" ("phone") VALUES('(123) 456-7890')[0m
  [4;36;1mPhone Create (0.4ms)[0m   [0;1mINSERT INTO "phones" ("phone") VALUES('(123) 456-7890')[0m
  [4;35;1mPhone Create (0.2ms)[0m   [0mINSERT INTO "phones" ("phone") VALUES('(123) 456-7890')[0m
  [4;36;1mPhone Create (0.5ms)[0m   [0;1mINSERT INTO "phones" ("phone") VALUES('(123) 456-7890')[0m
  [4;35;1mPhone Create (0.4ms)[0m   [0mINSERT INTO "phones" ("phone") VALUES('(123) 456-7890')[0m
  [4;36;1mPhone Create (0.9ms)[0m   [0;1mINSERT INTO "phones" ("phone") VALUES('(123) 456-7890')[0m
  [4;35;1mPhone Create (1.6ms)[0m   [0mINSERT INTO "phones" ("phone") VALUES('(123) 456-7890')[0m
  [4;36;1mPhone Create (0.6ms)[0m   [0;1mINSERT INTO "phones" ("phone") VALUES('(123) 456-7890')[0m
  [4;35;1mPhone Create (0.8ms)[0m   [0mINSERT INTO "phones" ("phone") VALUES('(123) 456-7890')[0m
  [4;36;1mPhone Create (0.4ms)[0m   [0;1mINSERT INTO "phones" ("phone") VALUES('(123) 456-7890')[0m
